2 213 215
2 242 176
2 33 149
3 271 61 186
2 259 283
3 12 198 286
3 156 117 195
2 141 82
3 265 194 100
3 180 165 229
2 293 167
3 75 28 175
2 256 218
3 68 275 222
2 59 221
3 112 136 115
3 282 252 299
3 288 124 24
3 296 220 6
3 10 184 108
3 185 105 199
3 181 90 129
3 0 225 79
3 152 23 173
3 285 120 44
3 196 20 191
2 114 228
3 106 91 34
2 95 71
4 243 41 46 166
4 111 29 147 93
3 216 247 264
3 121 261 164
3 212 133 99
3 101 188 64
3 119 202 182
3 127 2 58
3 201 279 40
3 96 113 51
3 272 81 110
3 98 232 255
4 11 69 187 172
3 43 157 211
3 219 145 280
3 258 62 268
3 13 97 52
3 126 235 30
3 161 76 253
3 205 31 128
3 54 65 122
4 16 14 231 278
3 104 57 109
3 85 234 240
3 290 269 144
3 48 27 26
3 63 137 77
3 244 88 84
3 206 37 139
3 170 297 230
3 25 123 248
4 80 87 274 66
3 260 178 56
3 94 217 17
3 135 18 200
3 154 74 132
3 89 125 3
3 131 160 38
3 214 102 72
4 284 179 169 118
4 49 92 53 9
3 151 36 8
3 1 32 171
3 249 159 227
3 257 277 5
3 140 190 134
4 67 239 267 263
3 233 298 189
3 223 107 130
3 224 237 251
3 116 174 78
3 15 287 210
3 245 241 192
3 143 262 153
3 73 197 193
4 226 146 291 183
3 203 35 45
3 21 142 250
3 294 292 270
3 148 162 238
3 50 47 236
4 204 177 22 7
3 207 150 60
3 83 19 254
3 208 209 168
3 276 273 86
3 155 39 4
3 295 266 158
3 42 70 246
3 103 281 163
3 289 138 55
