17 7468 1007 9439 2060 2540 3789 9757 3909 6778 9486 5832 8103 9023 8112 6329 9059 8639
19 2591 7659 8922 6294 1414 1277 5701 811 8970 6227 676 8797 6619 838 6383 5940 3498 6026 8560
18 8227 6154 3714 1622 8584 8498 6588 9640 5039 914 2219 2278 7123 9416 9715 221 4179 419
18 7227 5294 9807 4183 8685 4777 2885 2725 8919 6771 3308 1255 8346 7112 4682 5061 1491 9096
17 4796 684 8699 2392 518 8257 5210 7443 7770 2419 8256 3123 6695 540 8518 6878 2267
17 9504 3503 3526 2182 8460 3804 8537 9227 3839 9166 4083 1357 4960 2616 2853 2659 1903
18 7948 933 2291 2917 9915 9039 4689 4987 8631 3610 5791 4059 9110 4002 4980 2273 4706 827
18 2418 1615 9561 1274 7401 7203 6510 3385 9028 6485 7746 7324 9626 5395 3251 2187 9888 4129
18 7206 1035 8165 1095 4294 9094 2897 3859 8059 1150 2571 8675 7683 890 5716 3803 9027 8674
17 3202 7037 9441 5203 7282 5109 4243 465 224 4132 1081 7141 809 8223 7471 7369 9947
18 2736 4603 116 6812 9674 2320 2797 4033 1332 5575 5297 9992 6209 6783 512 9809 9247 5881
17 2573 1947 6531 9437 3016 8366 9612 8001 4137 178 3601 3574 7660 9348 4860 7857 3378
18 9927 788 5955 6466 2249 5336 2689 1245 3349 7507 5856 6937 5989 256 2073 642 7169 3357
19 4887 5518 628 1059 7875 6864 7244 7289 4125 6385 2361 6008 7103 6083 8169 9133 5948 5757 1348
19 5982 6306 9964 4455 9711 3836 9161 1544 8482 1611 4567 7984 8613 1592 615 8854 9698 3956 9195
18 8890 5639 5186 161 4421 1693 3586 755 7322 6613 6691 9695 9972 3192 1898 8802 2674 9343
20 1855 9798 7390 355 5035 4529 6285 3237 1945 4981 3753 8642 1617 1395 3144 3893 2704 4264 8076 791
20 9459 1744 5396 2867 8057 8510 3268 2501 5645 3505 3819 3684 1823 9566 6423 9926 7465 2641 9328 3415
20 7110 1879 510 7512 7459 2946 9362 9017 4402 9407 9155 8683 5125 8645 741 2562 8461 3369 6789 9036
20 8563 9152 1364 7790 2242 6921 2477 1374 3096 9641 1294 5512 2355 2010 7874 9430 9853 1222 2688 2224
20 3560 4494 4198 6886 6848 2594 2120 5932 8085 1100 6809 4485 6185 8183 6040 9560 5765 9217 9212 4018
20 1880 8845 2057 696 2467 2577 8915 5967 5454 5233 3678 265 7772 5148 7873 4382 7604 5411 9248 8628
20 7716 7930 9363 3471 987 6151 1137 398 5321 8124 7932 2787 7852 8818 8735 3920 8084 9727 8003 3370
19 6517 8704 7351 5173 1845 4701 1861 451 8018 6000 6664 1502 7140 5719 6216 2403 2526 4694 5974
20 2660 8297 4092 959 5078 6413 2435 5014 2545 5539 9623 877 436 4732 1593 692 1881 4905 4969 3963
21 2176 2749 9576 3168 1541 7590 1741 5446 7366 1488 483 1729 9832 4201 3913 4067 72 8178 86 3951 7738
21 1817 2476 4872 7426 6314 4269 2730 4164 6094 17 9963 9812 1701 4590 2175 7305 9300 9850 4319 1692 7473
20 9287 3008 5031 2827 3567 9399 5012 5797 5032 5651 9729 181 1580 6193 1851 4642 8362 7598 1063 7681
20 9121 183 6165 3012 4066 5894 1299 7170 9516 7889 7156 9396 70 1420 6747 7084 7349 6707 370 2746
21 8670 4984 2123 5753 860 1954 5362 2847 4620 9113 6471 5329 2638 5162 9033 7243 3872 3761 4155 1019 8196
19 4027 9804 4673 9946 9290 9656 8580 2539 2764 7054 2081 9041 1534 4589 6829 4534 6858 966 2906
19 1135 7962 844 1380 4030 3191 3535 5045 4370 2472 307 1175 9866 3521 2280 6623 2235 4037 8036
21 5991 1642 3041 1868 6242 1396 1413 3901 422 6255 5873 1157 9794 9968 6776 7231 5728 3495 8255 7698 8644
18 7433 6607 4884 5092 4845 6447 5313 6451 9525 5129 920 5055 4077 9391 7974 1711 2533 5060
19 2384 6995 3910 8658 1013 5668 4192 7359 7946 2033 2657 5299 8054 9425 5369 2640 8567 8725 9881
20 2581 5255 9780 34 973 9303 5686 7691 5931 6024 3659 4641 6305 7748 8043 5510 6246 8002 8980 8171
19 5071 4191 8749 556 730 3174 8601 6043 8220 3808 5466 9771 3674 2878 7188 4180 5766 5112 4348
22 7325 1 5166 7472 6927 4158 8137 8501 2345 6189 7641 9893 7092 616 3089 3058 530 1449 3275 2607 8804 2281
21 6527 7813 7719 2557 9657 918 7808 5083 7597 4834 675 9494 9269 2650 1658 4086 9305 6171 7238 8746 848
19 4471 3438 6426 1987 1446 847 5665 5704 4430 4308 2985 2848 2241 7717 8406 3421 6806 6450 1266
20 5903 9686 7448 1518 4659 6318 9189 1089 4821 37 1309 9565 5424 6439 4041 9889 5697 9795 9546 1353
20 8967 6399 3759 2762 2299 4353 1139 969 4480 9108 7214 8823 5068 7470 587 8360 6422 7326 6546 3436
22 3647 4773 3643 6389 6172 5859 2332 7871 5402 5207 6791 5194 6149 7694 4378 9480 8212 9311 1244 8637 3799 5620
21 5480 568 1697 6408 9977 7931 9067 4891 1251 2834 8908 562 3380 6351 9650 4418 6429 309 3561 4452 3196
21 1000 6509 7749 4715 6269 176 2999 4302 5929 7540 7307 2536 5220 9008 2971 1581 2321 9087 3348 1470 9786
21 5091 301 5516 5003 7247 5409 5833 7240 3675 3054 283 6139 5659 5627 683 5269 5182 7704 1210 3070 7818
20 1339 5475 1864 6875 8757 9053 1047 4388 8388 5423 6360 7167 8429 5888 2181 606 5534 1117 7495 6182
20 7581 8035 6005 3750 9421 4020 8265 8964 1003 8765 6265 1224 2632 3411 5685 7868 3420 6997 2020 5413
20 3539 5669 9435 8122 4114 4785 3029 8241 5935 3075 3231 1070 2157 5526 3129 7223 9405 8916 7531 4462
20 203 4022 8991 8051 6977 2078 6086 5700 6175 7912 9707 8910 900 4445 2414 358 6299 1870 38 4890
21 6544 4205 5756 9935 1313 1495 8055 1770 2351 8801 907 365 6933 1650 8074 5958 8547 7886 3961 3103 3658
19 476 1021 5900 6561 2485 5019 327 1268 999 3550 6673 6589 5783 8807 2904 8446 3866 1483 4518
22 7632 6850 5229 6503 9314 950 2767 6983 5957 7209 5875 6807 5074 8497 2055 8176 4897 7449 3239 5309 8261 8710
21 7013 5000 7553 2703 4403 8021 2316 3194 5342 1128 9614 2859 5355 4831 6963 9918 3780 6308 2183 5351 7131
21 978 2759 4799 7800 8608 3482 9912 988 7544 4196 949 1575 603 4237 1999 3329 7724 2250 7955 1158 6497
21 3321 5334 153 7494 5559 3600 8810 5885 202 4389 430 6461 1862 3712 3108 9406 4789 5165 4970 1247 4216
21 2528 7152 4244 3434 8246 1149 8587 1668 4621 9531 6404 8859 278 6095 3157 5769 3995 2606 8696 5854 5253
21 306 7194 2478 7867 1569 8976 7697 4028 9194 7160 6728 2864 1008 5043 5525 9667 6632 4581 2705 9074 7549
21 6686 6349 1931 8610 8557 7722 3837 9255 8466 4495 8513 9386 6838 5709 8381 2810 4873 662 1134 4555 2590
23 2718 5621 6229 6087 2676 8782 9015 120 8420 5527 2279 1920 133 3262 4460 7105 3652 5353 1673 4399 6552 1145 3568
21 2887 5062 4697 9129 9337 4906 7584 2347 1162 6343 6120 7332 7394 7299 4315 765 5398 2130 6842 9401 2699
21 2053 5782 8588 1969 1734 2327 1378 8583 9806 5428 4267 9782 8816 3131 6710 3461 7220 2294 1305 403 7839
20 3654 5653 2726 2849 9587 7996 3019 4974 9990 5288 4576 1656 8283 715 6636 3064 5191 4338 68 56
20 8088 5134 6241 8426 6883 3525 7725 1566 4989 2464 9288 4797 3463 6821 2160 7696 557 5567 1152 529
23 6321 3848 7051 4208 7274 9214 9236 2262 9835 4982 3976 8106 1230 5656 2201 2506 2662 3795 245 739 2600 3201 1370
21 6753 9471 4088 3137 336 3013 4193 3942 5804 3934 9043 200 8408 570 1761 3666 1523 4558 997 6861 5195
23 1159 2896 3304 3186 9294 4479 5167 3847 9458 8921 861 9347 2636 720 8327 5077 7721 9468 7961 4031 9931 1796 6328
20 4941 852 6042 3429 5612 1871 6892 5698 4994 87 4356 2360 8951 8799 801 2914 2497 5554 3518 1632
21 5983 6348 3634 656 9493 8370 1155 8812 1725 7701 1504 9315 8654 3197 2272 9959 8243 3105 2576 9260 8062
23 8824 5138 7467 3221 6523 4309 9454 4605 1472 1745 2961 3657 7417 8105 22 8117 7382 3639 6770 144 8109 6906 1886
23 492 7561 8019 7265 6832 242 3558 3856 8651 3377 8129 9572 738 4139 5768 6266 8351 7144 8145 6742 858 2950 8267
22 8773 7778 2000 3143 5416 7425 2036 8154 4957 2691 5725 2873 5906 7695 5122 9811 9443 7837 6045 4553 5421 6757
23 8071 5384 1094 8721 3690 9159 6752 5959 829 982 2410 1885 7797 6973 2802 7440 6156 4737 1330 6528 9746 7406 4795
22 3358 6988 8016 1715 7009 1393 15 7796 1078 3649 9854 3073 3765 537 5318 5848 234 7920 7178 3606 6609 1767
21 5226 6911 1342 3125 150 5496 1424 3764 3660 1301 2080 4533 9442 4270 7172 9007 3141 6797 1404 4631 4544
23 8306 4405 3728 898 8365 640 1239 6942 6961 8548 5862 575 1809 413 3892 349 4195 158 4075 2738 632 7755 1984
21 1399 2710 5625 8505 9225 6312 2019 1960 3365 3745 7562 6237 2646 9568 7024 1151 8211 4197 5476 3241 2799
21 1192 5140 3205 4142 8987 5551 502 9791 2034 2064 7958 7086 7785 4200 9506 5817 1988 3636 6219 3520 821
23 2758 8819 9901 6765 5737 2334 8384 3642 6344 2001 5583 7826 3787 2151 225 8831 3285 6896 3175 6856 6920 9733 8559
22 6190 1186 4758 744 5962 1625 9745 8755 3599 6183 8682 4756 1603 9235 77 824 8315 6675 3541 3564 6316 9517
21 5441 8319 3682 4351 2052 7968 6929 8477 6376 9529 3375 2932 3085 9573 8847 1728 6843 3160 4633 142 3458
23 7575 9392 7672 205 5622 2364 6766 2469 4242 3313 2580 5056 6421 8151 6785 7963 2700 8480 2687 8164 5746 1532 4729
21 820 894 4996 8904 3849 8322 6464 5095 337 3915 2673 7029 2871 7646 4151 4765 236 5388 4681 897 5407
23 4557 6687 2670 7682 6880 6891 965 5688 929 8640 8424 4828 761 5882 3562 6326 4489 4357 1109 758 3124 5720 2424
23 8596 9601 1816 6877 369 8271 6037 8652 3428 2017 986 7286 4907 4289 981 3801 3139 4749 459 154 4903 3069 6893
23 7804 362 9883 1423 259 6427 208 5433 5945 9384 8771 5472 1522 7654 670 2707 9993 1165 3589 4458 8603 8301 4837
22 9954 6274 5540 6840 8081 6617 7479 1591 5492 5772 8768 5696 4851 4743 6204 3697 7306 2276 3352 5591 1605 8789
23 6377 8231 9770 4612 4608 9366 6402 7729 2447 2685 9157 992 8863 3263 4677 8655 958 3083 4316 4665 4618 7608 6998
23 1376 5284 7233 7744 9647 2694 4280 6161 9991 9374 3583 7786 899 2845 8992 5127 7550 7469 2958 4792 4688 7411 4778
23 2939 350 2462 3006 647 6688 9908 9872 9046 2683 9198 3452 4464 9941 9000 8750 8545 9511 4498 5160 9983 5552 2090
22 9377 2074 4252 828 9054 564 9130 3955 8409 2335 6612 4463 9789 2967 1337 1548 6814 5803 2559 5456 4276 4619
23 8730 5295 7892 7191 6121 7115 6672 7268 5714 2835 1752 2723 5494 8963 1232 9339 1938 2856 6352 3383 5183 2626 2924
25 4469 3685 6817 2133 3395 6212 4842 8806 9535 9394 8040 2755 2868 2282 7454 1107 1680 2304 8087 9009 892 5283 5050 8499 4916
23 4793 2825 5660 1144 2037 2042 1942 4680 3826 3146 3783 1815 3743 2022 3435 1168 7702 1774 6446 7045 157 8744 9207
24 8727 3833 3469 5010 269 5345 1296 1297 8903 4858 3142 9705 6538 5096 7860 6434 3726 3112 9188 5337 1200 5592 4522 4740
23 773 3516 2524 6473 4614 1350 8731 9389 4239 3076 3 6649 5153 9351 316 9844 8128 8733 9859 5242 9938 4676 9432
24 7678 9997 9083 6145 6676 4449 6945 1726 9553 6684 5114 8646 3021 345 7361 1482 6915 6017 1469 3841 8502 1798 841 2927
25 8303 6725 1699 5282 9030 1991 7080 9891 2098 7466 2229 4786 8572 7527 6433 2655 7396 5301 4318 1510 3078 6115 6828 9150 9203
24 4646 5815 8508 4345 8959 9307 515 5417 752 8226 2903 1198 7714 5767 1514 4547 8990 7670 168 5587 2260 1678 7161 5292
24 1344 3758 7498 7986 6575 375 8492 4447 6668 6849 8523 5385 4131 4565 4525 9543 4609 3812 5586 8321 1079 552 3032 8324
25 9483 799 78 2907 2690 717 5844 1946 8864 7625 8495 4076 1790 1331 9892 6240 206 954 4360 3984 2158 6779 2938 896 5568
23 8965 636 8619 9718 1537 8065 2008 5024 3465 2648 5694 2460 6186 390 8423 9183 913 1328 5275 6570 4016 9243 7083
24 3760 9609 9456 5505 1267 9220 3293 8500 9373 402 108 3376 4 3228 8148 5023 3247 6159 1589 4414 3698 5323 7254 4783
24 4411 1623 6311 9042 3354 6782 774 7923 1153 6624 4592 2564 261 5243 3605 8835 853 547 4446 4883 5515 8375 404 3401
24 3936 712 4931 1703 538 7343 6481 1515 9275 8827 6595 571 9518 8673 1873 3319 1057 6924 8352 6522 5213 4064 2046 5921
24 4011 7671 3296 5352 8618 5066 5327 1679 6559 4656 6903 2989 3068 2275 2634 7780 2701 5605 8629 1996 263 2671 2190 4634
24 9824 7368 6974 5674 4401 448 9029 3877 3656 7048 5139 4409 1476 1447 5631 9369 2558 3937 5464 9137 8582 3287 6458 5473
25 7025 984 2172 8160 5847 6460 7700 7560 4757 2488 2916 7881 7205 6272 6931 383 1055 3542 8100 6816 5681 2665 5938 9816 8942
26 180 9708 8356 2049 8056 1092 6342 4209 9040 8478 9050 2728 5678 7273 878 4594 7905 4809 5547 7117 3423 9142 7573 7389 840 8524
24 7270 8821 5064 367 6822 6089 772 2121 461 2466 6925 7230 5483 1730 1943 3372 661 6737 9719 7120 3483 4410 9309 4879
24 9723 8024 2021 8840 5615 3363 7951 5687 199 567 9127 5030 5081 7624 2105 6646 2585 219 546 653 7215 8957 9383 8766
24 6039 4844 6669 4599 7235 1613 7121 2940 65 3464 5364 4299 1624 3922 3473 4454 3798 6505 1454 3035 4215 1738 2205 857
25 2212 548 1428 2003 7557 2668 9024 3051 2978 7709 5623 3005 5264 1683 6137 9863 2901 1677 4188 6205 1161 635 6749 4277 2369
22 1555 9563 2018 9058 8808 6512 6627 2333 7320 9984 4734 277 3513 7737 5663 7653 9633 6811 8874 4323 6524 3713
24 3608 8891 8029 6325 1160 6420 1737 7165 8586 9700 9206 2165 3883 3756 4473 1674 1191 279 7137 7969 596 9603 222 5860
24 1067 1763 8622 2470 7634 1219 8653 3941 7902 780 9713 8732 2544 812 7279 9537 3267 7761 6738 7073 4867 3332 3781 1598
25 9868 5348 4122 9755 8862 2852 1891 5052 8011 8155 392 5291 6286 2079 4394 2949 4865 7030 2975 5675 5006 4217 8166 9115 6871
25 4829 6644 7511 2302 4877 8526 5618 5912 3419 700 7064 5630 7455 3466 3999 3317 4178 8714 1743 4383 1366 7486 433 1386 8925
25 3491 7610 5373 7520 849 8836 5946 115 990 9284 6467 326 2772 6337 7246 5145 9001 2218 4607 9308 6730 8034 4896 7505 109
24 2346 8950 8702 3611 8410 706 5684 3407 8790 8127 785 4117 5998 9502 8787 8463 8198 2921 3509 7133 7950 213 1681 8146
24 8192 549 5530 5181 3213 9721 4441 805 6751 2543 6698 2713 3846 4638 1205 7311 6401 6690 3033 59 1714 2846 1402 5569
25 9925 129 2523 938 9756 3050 2473 5724 4133 542 3863 4693 1588 9187 5393 2293 7462 5252 910 1696 6033 4206 3843 1312 3912
24 5968 8946 8892 3211 470 198 8126 2514 28 1499 5467 2535 6967 5890 7915 8504 9662 9411 2114 5315 274 806 4050 159
24 3341 5705 4998 1034 3259 5374 5733 2225 8293 57 9051 3342 3305 61 8535 650 3486 3148 3484 2398 8427 7216 3182 1133
24 3708 5851 4735 6618 5174 6046 4184 2154 9736 9556 4341 3588 7258 9491 3403 3425 2437 9521 1261 6100 8093 5468 357 6748
25 563 1652 2933 2198 442 9135 7334 2550 9010 4686 1163 416 7638 7840 6476 9120 6628 2934 2898 1929 2044 4021 2770 4248 9320
24 7444 2556 194 8564 7789 3472 8335 428 4108 1797 9395 8114 3149 9777 9240 3417 882 8363 2860 5356 5335 3817 1684 2434
24 3578 4823 2998 2204 8971 2483 45 4176 6790 9103 753 3988 6648 6948 9773 2232 7877 7774 19 2505 8686 8899 8101 452
25 8968 7815 7436 1633 4128 7478 6014 1156 6759 3796 1927 895 5354 1010 6472 8041 3621 7489 9956 7965 8669 145 9776 4920 5566
24 6252 4811 9658 9398 7859 5340 3968 3904 5823 1754 9302 106 9898 2839 2442 3831 8376 6918 6784 6092 5588 253 3047 7855
24 1626 9986 35 2096 9599 874 513 5279 5745 5970 8693 1218 2537 7021 2953 4407 3617 3932 8539 9326 5408 3080 8712 6395
25 2430 5821 6124 2592 4832 1041 7668 6530 6148 2731 9410 7033 9957 7876 1379 3816 7570 8069 6407 1045 3514 6025 6754 842 4806
25 4818 9760 1554 6452 3537 6482 9081 10 3408 1020 8729 8945 2093 3855 1343 1203 6767 401 7552 9169 3107 9917 955 2425 4374
25 7061 2589 8565 4150 9102 4846 5316 6101 5258 9939 6554 8364 3266 3971 1500 6682 7791 886 7435 3757 4422 6685 2077 8025 3958
24 5059 5593 288 2251 2663 7686 7114 1241 16 3184 9743 6354 410 2943 6746 1314 3895 4935 7820 5565 8228 7323 5180 7935
24 7909 1992 7053 1367 4442 2765 5634 1096 1238 6474 7202 2254 2422 5333 4194 9128 8660 1578 5849 4504 8604 2960 8984 8136
23 7613 5307 5895 5287 5159 3992 3120 9847 9400 8507 5206 5699 138 4660 5451 5360 573 3218 5227 5607 27 2784 8941
26 3207 905 5158 6907 9211 5221 4712 8235 3167 5501 317 2401 7739 5748 1249 7649 6258 152 466 2623 8367 7312 8361 7572 2189 769
24 364 8490 5877 553 2809 8182 7954 9645 6980 1214 4163 7077 8777 2741 2029 4954 7354 8197 4246 7055 6923 6916 6504 9005
25 8253 6845 9878 9376 1323 9619 6323 450 5087 2492 1485 936 8181 9669 3544 8676 8989 7348 2734 3302 802 7976 6052 7776 5818
25 719 415 4992 8023 3347 2970 9156 3015 4136 5896 5993 9670 2656 3925 3532 2054 5219 7870 5040 826 7554 6500 3734 8013 797
26 1178 6622 9478 9495 1705 2715 9057 8082 8875 1843 7941 4664 8877 6964 8550 5595 4755 8677 281 3126 4211 5111 9882 9936 9086 6592
24 9803 6910 320 6594 6160 5431 7420 3853 1646 6456 5995 1664 612 4745 9574 7331 3254 810 3238 782 1291 2996 6780 4008
26 1844 1422 985 7516 1755 6112 252 4141 3248 5750 8020 3049 1315 300 8390 1932 8369 6330 2143 7765 2625 728 526 5277 8577 5713
24 7773 6152 9862 9833 4934 377 2186 3280 4387 7430 6147 7135 7631 509 7848 2135 7303 3618 6027 4827 3416 4545 5798 9472
26 2288 6173 9810 4029 3688 8083 2246 8868 9123 5904 6979 4332 4975 421 99 6865 8932 1576 5303 5274 3026 3003 3670 7964 20 1971
27 4679 6015 9621 9624 4274 2527 5491 4207 6038 4071 1606 6368 2752 190 5300 3631 8562 1600 4372 5082 5800 5695 1994 7602 646 2829 757
25 3696 2480 1685 4678 1889 1814 2815 5827 4406 4645 5550 3455 5671 2097 4354 2494 3874 11 2153 1263 132 8174 5448 4501 8794
24 5886 1322 940 9751 6035 7503 7488 1005 7970 6268 5546 3549 1211 3052 5643 1909 4650 3100 2955 9185 1062 3224 9429 9344
27 1381 3320 4385 702 6104 3570 5977 8678 7252 6962 9555 5286 8476 117 7895 9350 7559 7145 906 7618 9873 7357 6836 2661 7515 1896 3459
25 2445 4493 1363 5198 243 9230 3949 9097 5493 5988 6787 7027 7661 555 7628 9003 2565 2409 6638 9312 2617 3983 4696 8488 8688
25 6879 524 97 6248 3169 5572 6132 1086 1766 5121 4671 2651 7304 2296 5542 9654 1587 275 8383 3443 8123 1608 4955 2365 6857
25 9252 687 7501 1944 26 957 351 4089 5338 4322 2329 5845 1756 9558 8880 7586 2997 9329 611 6772 7018 5522 3886 9075 5389
25 5513 2031 4005 7536 5637 8468 143 4169 2602 5126 7011 8172 6459 9820 8133 942 6257 2639 3725 8130 6827 7612 5874 4307 6082
27 4483 8998 8948 6322 4716 3844 8207 6335 804 5485 5400 7677 29 8973 2164 2104 7491 7856 4738 8692 6689 6943 5037 8467 8811 2963 9371
27 9550 6894 2075 3773 2247 3868 1594 5563 2344 5236 7186 3704 6620 6468 5677 7751 4692 2222 6519 4428 2274 3626 4598 3772 8474 4259 4440
26 9763 9199 8473 8623 5376 6792 2091 456 146 7226 3506 6989 1475 1753 8694 7991 2743 6444 2336 9725 1963 733 8159 4223 2667 927
27 9520 1582 7150 4355 4078 8825 8218 5971 9668 3426 8014 8943 5708 1859 1671 3493 2014 1392 1001 1029 4912 2199 1455 372 3000 7405 9107
25 9359 6150 9764 76 9547 5465 54 9996 9581 6775 777 3524 9712 7692 2084 9948 1076 69 7148 7124 7155 5715 2179 8781 963
26 4070 3536 3020 2368 6699 3431 4972 425 4119 1444 4416 8191 66 1080 2611 9162 3243 1727 7766 1173 5667 7537 8368 5795 2095 1391
25 4138 2977 3278 8978 2966 8413 750 1651 3898 6117 1369 5577 6176 3945 9557 4273 2385 1511 3326 7300 1438 9932 2459 5744 8738
25 9044 2777 6795 2630 962 770 1899 5581 93 1724 330 8551 185 5682 6954 1846 9900 8098 4400 2838 62 9 9643 5726 1497
26 2951 3312 2461 4172 4004 5840 8248 5237 737 4899 574 82 6315 8860 5963 8027 8861 9616 3769 4521 1463 7542 4670 2395 9475 2719
25 9515 1940 3433 3090 2774 3980 7842 8432 3640 9575 3928 9549 648 745 7645 2206 5770 2456 8647 7966 9144 4662 7975 8138 8533
26 3381 9231 8254 1400 5580 5248 1525 1260 1787 8260 8778 4623 2257 9064 2798 6107 6453 2965 4096 795 4776 4613 5212 3823 6587 779
27 1114 5344 928 9071 1064 3017 6951 6535 7651 4423 5099 5500 3762 126 2972 7445 8404 8883 4881 5069 5564 9562 9577 6781 9628 7981 7893
27 5578 2805 6259 8237 2405 4762 8459 4349 2763 6380 7979 5005 140 4611 6077 387 2195 7985 490 8737 8350 1450 1577 8627 6179 8531 3724
25 872 9541 8667 5811 5151 141 3679 6191 8657 7134 8263 5016 9967 8616 6701 1451 2387 9691 2468 1234 6975 335 4187 5089 5535
26 7122 9642 5802 7707 9826 5017 1283 9336 7614 4759 3935 5933 1083 4713 286 8856 865 414 4578 88 4780 5419 6651 5558 9334 9224
24 9251 3694 2844 5683 2936 651 4563 1138 6378 3253 3044 887 1189 3039 7810 8813 9223 5981 8419 9202 4391 3335 5585 9226
27 8184 4373 2747 8561 2796 4140 8325 6611 5405 6557 645 912 5839 1310 3838 5666 2800 7171 3907 1458 6057 9694 8398 4601 4346 292 7594
26 5137 8278 620 5461 5801 8534 7563 3284 7667 9487 2830 9433 4053 3918 6021 9310 9597 5799 7814 922 9126 6919 4297 5415 6764 1048
26 1778 6297 9585 9474 578 2315 1590 3273 8387 6958 6949 1641 340 6203 1852 2101 1543 7887 4425 6088 5267 8222 1202 891 7939 64
27 7464 3338 6320 7267 2284 2342 6526 6300 8332 6991 7933 5836 9596 4120 8570 1452 2875 859 2771 6885 9316 7539 9876 6002 6347 8575 527
25 9360 9921 8718 8113 4854 1464 7101 191 5215 6044 8866 5807 9742 1917 1609 3236 9085 1147 2388 2 9419 3706 554 7339 617
26 8578 5858 6127 5913 1056 9856 6155 4112 1253 8516 7693 8142 9500 4770 6525 1758 7928 3939 8030 1340 4750 5901 6374 9942 63 3814
26 5478 6384 622 2026 5320 9739 4672 1747 1768 2378 2686 3996 1281 2440 1461 290 9592 2305 8541 3397 2400 751 5808 6635 1501 4813
25 3709 4476 4084 946 8009 6678 5661 4807 4542 1304 5100 1688 4945 7642 8287 2455 2511 1857 1549 248 260 1170 3067 1547 7567
27 4528 4965 6484 3056 2893 6409 8672 8374 3066 6113 2111 8937 4928 4606 6487 6866 282 6558 9375 4330 7414 5915 9254 9768 8826 3950 485
25 7621 6197 5776 7934 6116 5241 2426 226 127 6788 8573 8444 6386 7734 6808 107 2066 2542 6639 1621 5204 2390 7128 7481 6579
25 1545 6066 9090 7319 329 8298 7031 3603 207 1732 8017 1990 9828 9906 888 931 7492 9846 3596 280 6713 5372 7596 2159 4805
26 8402 3104 1108 9245 5176 7504 2509 1933 3965 4554 1181 9070 7095 3490 6573 2745 1217 3290 3701 893 3969 3127 3857 2322 7281 480
27 3827 4573 9253 3703 2070 3494 5380 2289 7799 9814 6805 6304 4904 4505 7429 1825 3226 792 8734 8882 7620 396 3878 1647 1441 9769 3133
26 2297 3246 209 2546 8936 2911 7673 6249 3681 7288 8058 2518 7372 3449 9851 3891 1468 8593 6667 9279 149 2394 544 7412 1355 1507
26 1563 9463 657 4012 5662 4204 6053 4258 8740 6118 1694 7916 1762 803 9219 338 5075 2441 296 6234 1429 8382 1950 5939 1834 5128
26 7147 5391 1893 8458 6287 1818 2209 1976 3359 3686 489 1805 2814 6016 9544 7044 2584 2776 1410 8543 52 9974 1120 4919 5328 4843
26 4420 5533 6062 7782 4532 6603 2548 7911 8784 7945 1869 6722 2107 6331 9283 8438 1865 4369 5504 6968 746 2429 3477 6334 6629 118
27 5067 7050 7579 3624 4054 5322 4720 9998 376 6898 4221 2323 4292 6055 6367 6498 3979 1827 1233 9634 3860 5846 961 9690 7026 4543 60
27 5553 3475 7068 1119 8342 8167 8549 7318 4042 8849 8258 915 1700 4477 3501 817 4091 2129 299 122 8901 6733 3097 295 3707 3854 2210
26 7355 5343 9865 952 464 7706 188 9175 6578 1572 9422 3171 4856 9060 5759 5584 8905 5984 7089 7098 7335 8656 508 3155 1038 7541
27 7362 6217 3620 2061 5626 7643 7285 5161 3427 471 2692 6202 5852 2048 7085 8760 1720 9922 3189 3424 4923 3128 4909 9902 9655 9327 6996
27 1208 9933 6540 1559 5570 6755 4820 5506 498 3215 8141 727 5943 7615 9716 36 8015 6442 1306 3499 2733 6332 6273 6492 9114 8896 5013
25 3614 6582 2619 3323 4000 8108 9513 6679 979 3327 3782 8259 2721 3954 5771 6656 2578 5170 4491 8558 2644 1188 4287 3716 8428
27 1319 3257 9153 2677 4625 6009 9082 7898 614 5654 4825 4963 1937 4560 1571 1804 1361 709 182 6708 5555 917 8089 705 6739 7236 3053
27 7284 4744 4069 8448 6225 5178 1486 6813 3487 5590 9119 6406 113 4251 2910 3301 4486 6130 8997 9018 9440 2990 3744 2108 1072 2681 2149
25 4006 3739 3828 9047 1983 836 7762 6768 4675 5918 760 2666 9034 3350 9747 9330 1271 7099 7921 681 5079 5600 3087 2992 7116
26 7760 819 285 2285 3398 4333 4857 2931 3031 293 8391 8715 201 3914 8385 7179 7271 3269 7568 2420 5305 4459 131 6007 4653 975
27 5649 7071 4936 5531 9381 1320 7521 8848 5379 8761 9534 4371 1962 4256 6278 3888 1967 8050 2861 8175 7726 560 3582 4889 1053 2446 3622
25 23 8139 4074 7200 7736 7884 2131 9484 9582 5106 4060 7187 2331 51 9692 9319 6339 3276 1521 92 9116 8709 3153 1196 8865
27 368 1411 9301 7337 7450 816 8585 4073 6303 6663 445 8187 4538 3185 4655 5576 4875 8612 4721 2574 5302 6192 2458 6079 3673 2169 7792
25 6591 9840 1659 8276 5889 4973 8753 764 7675 6824 1934 4628 6938 9904 1318 9620 9800 2994 9354 1272 6483 7982 2399 2766 743
26 6960 9160 3850 3629 9257 1908 2063 1689 2167 2850 947 2311 6802 9367 6941 1130 4034 6411 5228 1068 4118 4260 8515 8926 8131 463
27 6090 5910 4772 9100 2162 7094 4915 3736 1519 9677 1915 1187 3754 9291 9559 9860 8039 6706 9749 7204 786 4663 4999 8591 2252 6469 8236
25 6912 643 5152 871 1561 6251 5758 1204 7872 1073 9192 9239 6625 3242 1618 3960 8974 1349 7398 12 4943 6970 5270 5523 5266
27 6031 7535 8357 5365 6794 633 7210 6596 2995 5761 1384 5469 7629 7315 9412 4616 4726 4760 8092 695 2253 1417 4094 1066 6488 2821 1425
26 6515 2760 8189 4704 4482 2439 6108 322 7919 418 8275 7297 9858 2126 7190 147 7851 1171 8320 3009 1082 8209 7617 2789 5276 3037
27 8605 6614 5479 3742 4358 6634 3900 3118 1813 1539 4049 1746 7413 6109 8407 5775 5609 7529 1164 2109 58 1387 3156 3994 4313 7474 7418
27 7809 1533 1682 2768 2004 210 6475 284 2512 7756 7798 3384 2672 5926 1388 6231 9841 7938 9262 9916 9073 4282 8607 7197 5209 6400 5999
27 5444 2615 2735 680 8412 539 5489 3176 3632 4298 9151 634 2959 4324 2522 2748 6177 6253 2912 4110 4229 110 8713 7914 6448 4451 3040
27 5371 251 9845 7657 2913 2729 3187 1004 223 4947 4683 8846 7794 2457 6478 8664 7180 8152 2595 6443 8273 1980 5175 6723 6390 7509 3331
25 4417 6226 5394 7836 3722 1860 8851 4705 3122 7328 9264 411 4568 2778 9627 9317 4226 5015 630 4283 3410 8022 4617 8491 4293
26 9530 8028 8199 1808 9839 7142 559 8281 4615 3485 5314 4503 8333 1124 6211 4234 1352 2643 4111 3806 6394 1750 2513 9871 7883 6290
26 7109 5197 1102 1326 1781 2032 2124 9341 7452 3619 4344 8229 9630 6261 9838 6534 6957 238 7404 9342 8972 6641 1069 9173 2711 5548
24 9186 9744 8900 5021 73 323 4367 2100 8206 6178 1448 2230 8221 699 8291 4413 4864 6741 793 6763 2432 4597 663 7287
26 4301 8913 318 6868 3119 3229 9821 4404 4626 3790 8007 9867 2248 2226 6897 9139 863 4146 4398 3045 5177 3948 4847 1293 8338 7442
27 6463 8326 3749 9313 7699 1542 9464 9653 2529 4668 8329 8266 1981 5861 1235 4859 8217 1172 655 1091 8977 3399 3057 5110 331 2614 2318
27 7990 8726 4636 134 4235 8752 6228 2258 6513 424 2156 7017 569 3555 9013 1295 3821 4775 8052 6643 4667 170 5944 9637 3295 8850 4185
26 9256 6647 8568 7023 686 4427 3442 4700 4326 3592 3766 4654 5680 5133 2102 9683 1782 6260 3921 8308 1989 9953 597 9685 9982 740
27 6403 1111 3530 8345 8341 3173 5648 1764 8179 495 7253 4311 6601 2402 4303 5452 9382 9280 2140 8519 1418 4253 8912 5488 3203 4959 3346
26 666 4727 2984 550 7747 7229 5747 6928 9324 4232 8233 7833 9728 8190 3283 5805 5041 9387 1104 7637 941 2103 9274 7208 5511 8621
26 873 3655 6536 935 3776 1346 7157 6720 9815 4995 5937 3825 1406 5598 5234 8724 724 1065 5692 1084 4895 6804 9802 5131 177 2508
25 7482 7940 2125 2337 6371 4657 535 763 1895 9819 505 8487 9958 3551 9792 2233 6428 974 7184 2150 9409 983 3602 1637 6533
27 9349 9613 7658 8202 4212 9659 5949 4648 3523 9583 7416 9731 1791 434 1264 6940 7644 1324 1897 7385 9981 1902 4343 4908 2185 8049 5927
26 311 2502 7771 9295 7014 9092 2516 3374 6085 787 9038 9178 4961 8528 5123 8817 5453 5434 1437 3437 49 8706 1279 5629 6361 8462
28 1803 3468 8073 3911 1854 3022 2645 7241 481 6106 6135 5930 2929 3405 4710 3489 2842 9365 6637 2094 3581 1748 8046 2352 658 903 4519 228
26 7972 594 2376 7688 4722 6917 5190 3209 2993 1921 2788 7864 8590 2217 3746 1292 9271 3150 9438 6810 7257 519 1850 8371 6888 2554
26 1023 742 5920 9924 4584 5941 1935 5184 3651 339 217 4938 8554 4754 4537 885 1154 9980 5429 2383 3946 9610 6532 1122 3460 119
26 2412 2132 7997 48 9184 9714 4768 3591 9973 2517 3609 1986 6683 7863 6726 5002 342 4930 24 7514 3858 7832 197 7526 2956 6837
27 3824 6298 1177 2173 493 2790 1777 4539 9065 2567 9358 9431 5381 9965 9174 2780 732 503 8956 8494 3038 1807 3402 2601 9605 273 8310
27 8711 576 4802 8215 8061 8158 1282 4314 8414 9117 7665 1629 5375 3785 8445 4199 8626 4278 2708 7049 1718 1099 9759 2067 1489 2396 678
27 4736 722 6060 4379 4241 8201 1142 8839 708 3063 6142 6393 9176 9485 6605 2303 5865 7894 5051 3240 4853 2223 6590 6490 6652 7232 2833
26 5969 1131 9929 7127 3166 8888 9062 7903 8272 7375 5544 8741 6180 800 5410 9228 5614 7283 551 9323 4574 4719 2317 6345 4866 5249
26 7347 3527 1439 4470 3752 4511 4815 9849 3180 3700 8489 5312 3845 8832 4279 2484 1792 2377 790 7294 4124 924 4161 7715 621 9261
27 7015 4492 6 2857 2902 4691 324 8451 7633 3018 1930 7626 8579 5870 3991 5529 3974 3392 7032 4424 7423 3967 4674 6796 406 9937 4893
26 4329 3903 5509 9586 1894 8566 4761 378 5644 4852 3613 9413 4651 8540 1585 1708 344 4718 7377 8234 7421 3710 5310 244 4444 391
27 499 6913 3534 5809 7882 7352 8843 5401 2507 8323 6284 5363 3084 5792 8472 7264 6990 7222 6295 3400 4986 3770 1528 9710 697 9969 6163
26 7522 437 2881 5171 1071 6550 9699 6350 1765 5339 5928 3822 1453 1477 2781 3763 9855 5779 3511 6489 9426 3306 5951 9132 7118 2482
27 5332 9055 4249 4174 5080 2926 6410 5925 5049 9293 9625 4113 5192 1036 1256 2312 3062 7040 328 818 9595 4102 9022 8928 3479 2988 7022
26 1146 8430 6245 5732 2549 1462 6355 6243 7457 2380 5070 5739 3966 7735 9079 6959 7987 1242 6110 9678 4285 4978 3418 5853 7685 9857
25 9693 8886 3889 9385 5470 8506 2697 5370 353 6058 6432 4386 7004 5880 5447 598 8988 8680 4046 7353 7008 1248 6700 3002 4225
25 9346 1789 8239 5223 5980 7558 7978 1262 9834 9790 4658 7595 7676 9145 814 2423 2952 1771 7569 3875 6799 6671 8442 6909 1810
26 3638 8048 767 7490 1077 3540 694 6445 8512 9148 5414 9191 8867 2756 426 7944 4145 3470 7211 1596 6608 2341 4105 2532 7424 5289
26 3147 5008 2510 4127 9497 9147 8745 6078 3222 3387 8299 4284 7356 718 3007 6357 7298 6353 6491 2138 172 9134 3217 6050 7795 9766
26 8788 6735 6363 3055 1180 2487 7164 5306 6831 2865 9455 220 1174 9131 6569 8336 783 5507 468 2255 6853 4894 5119 8961 5399 3683
26 3861 6499 101 5457 7546 8838 6773 1749 1802 8214 3447 4632 7183 2340 7225 3406 536 1832 3554 5007 9292 478 4643 7545 5519 3573
27 1027 474 6477 8935 8822 7437 5608 7956 5785 1788 4272 7622 6235 5105 8876 3098 5036 3572 2962 4771 3353 2231 4305 3585 385 1567 8597
26 1190 7924 1560 7476 7380 1085 7585 4365 1026 4937 2918 3981 5619 9688 3929 2059 7126 6758 3164 6950 3993 7656 7091 8776 3923 4669
27 1105 2330 1016 3134 6075 825 8064 2769 4224 869 7047 9930 7173 5218 8650 4265 4652 7007 3784 6986 1856 6138 5841 701 3522 2804 9951
27 2866 3178 7703 6966 6674 4561 5834 5952 6572 4577 4490 3865 3204 4817 2266 1097 1212 7574 8132 5033 1434 5784 8698 7441 934 9783 545
28 6018 9848 4939 2695 9402 4788 7992 4173 1371 7070 7846 6626 3615 8349 837 5503 9775 2880 3233 1498 7849 3800 9352 3876 6029 8118 9730 8005
27 6834 249 7784 5762 592 7242 6529 2413 5048 3102 944 7980 9197 2801 6860 2843 9617 8008 1401 4946 8140 8707 9950 9149 4841 6317 2391
26 3291 7835 2454 1009 5084 4862 8063 2451 6681 3154 9353 3595 8689 3414 9606 2453 5636 7640 9306 2086 4342 5406 3672 8216 231 4103
27 2486 4475 5147 3337 5830 2822 9787 3559 9143 7100 3820 6621 4363 9268 2271 7419 4921 5796 6502 9469 9886 2047 4512 5613 2892 8630 956
26 4520 3552 9748 332 6935 2240 8104 2879 8909 8687 6302 8728 4079 2979 7551 475 8894 5826 6379 4791 9796 2622 3130 9842 4203 2065
27 3225 7635 9403 400 6256 9639 1409 6953 1176 5495 9037 7358 2348 6721 302 6210 8671 5514 9361 541 9104 3930 6254 7107 429 1822 677
25 835 6293 1286 1866 7788 216 4600 994 8917 9006 5743 2826 1570 1237 4886 5455 2942 3249 7006 4781 2479 4524 4814 5735 5641
28 7075 7947 6560 212 155 4072 8339 5361 6823 2908 2627 3481 3531 2194 1793 1075 5718 1185 7409 3140 5403 3172 5065 7611 4233 8594 1125 671
27 9418 4439 9735 9644 8828 7768 2326 3680 3159 4362 4472 3004 8307 9665 5884 6418 7502 9703 7266 2973 5216 6280 8635 1345 8392 5822 3299
26 7684 8809 9687 4569 3232 8509 7663 8150 8529 839 1484 4637 5107 9481 1723 5760 1912 2696 1471 2040 754 460 8983 1911 4327 8012
28 1246 864 1088 3733 856 8188 601 1759 3510 1508 6188 3597 6012 3962 6369 4782 5427 1360 3884 2613 5777 5073 8638 1841 2803 9720 9717 4787
26 4868 3388 4952 4819 165 2428 4245 7589 4752 7847 4166 5116 9593 2779 4839 7043 2631 8703 703 3695 9285 4247 711 7447 6934 4833
27 7506 4580 1430 7438 5738 8006 2431 2244 6157 3906 4911 1112 6346 74 2828 1948 4098 9523 7104 6719 4437 5824 8939 1826 7111 5422 4408
26 766 1087 6518 7020 5502 4082 4148 3735 1415 8295 4168 5324 7066 2553 2393 976 3294 2211 2349 175 3882 3152 7508 4855 4478 6508
28 4467 9258 726 8620 1660 3594 3023 8097 3625 3034 1308 1913 5120 9345 7866 823 9962 6882 85 4517 5902 1635 2363 9476 9496 3873 6496 3474
26 5780 9289 2128 7679 2561 582 7518 5425 8270 7793 6054 5331 3528 8242 9818 1616 9277 9331 8681 8066 9417 1505 781 851 4804 4130
28 8553 9462 5842 4953 6884 7259 8447 5359 2964 4240 8662 4640 664 4375 9673 3282 7841 6455 8079 8143 6122 1550 4056 9168 407 980 4703 4816
25 310 8433 698 4666 6133 6056 748 5773 1775 3607 356 6267 1259 9477 5987 5729 9415 2753 469 862 4160 7819 9035 8439 5702
28 4588 8031 4412 2370 7410 9843 6146 654 247 7310 565 8643 7942 352 2215 473 5172 6551 9570 8779 627 130 9125 937 6693 135 6493 1653
26 8330 5646 5471 5635 2144 7775 8343 1126 1093 6922 1487 3043 889 1520 255 2058 9340 608 2818 250 6011 6718 5741 1662 1136 6712
26 7453 454 2056 1882 1209 5532 921 6059 7344 9447 9460 8195 8161 9281 5390 1887 4126 7764 5611 1584 5990 1257 8262 7812 6704 7538
26 4838 867 600 3179 1046 6291 6239 4162 5549 6313 187 1556 8264 8380 4962 866 2152 7576 9482 9122 4190 6283 8268 9837 5947 7865
26 1973 7854 4043 813 2300 7316 815 652 5378 8503 6727 2011 334 5104 4009 241 7175 7998 5263 1503 1389 8377 4966 971 3190 6640
28 3362 8493 1118 7904 6567 3548 5232 7228 4956 1377 4182 2987 3998 4236 5047 5499 3279 6233 7525 5319 1620 4456 9370 2137 4731 6366 6705 3871
26 3088 9920 4175 7195 4900 1074 1273 6041 9945 4551 8615 8453 7591 1351 1412 3121 1619 5752 7583 7371 2117 8742 124 6338 9604 1254
26 7913 3030 432 1481 2009 8995 5850 2742 8716 9465 7906 5420 6869 1672 9879 6852 3200 4685 9136 4702 5691 5025 9012 725 5449 1207
28 2620 9109 7218 7000 8292 5829 734 1325 2551 3598 4748 5978 7386 3036 2761 775 9976 5436 5706 4036 1965 4798 2259 4546 4861 4300 2824 9589
27 1998 6793 4438 7711 5326 9158 991 196 6125 8953 1535 3927 7530 9335 6119 7487 1375 4579 4593 7664 7365 7781 232 8208 3462 9016 2658
27 9249 1040 1847 1285 2382 21 1819 6019 5603 9205 7181 6577 1311 6206 1496 8853 2547 4257 5189 381 8930 2076 1784 7949 8920 9427 930
28 7108 2110 6914 3959 8334 3492 8666 9580 1875 8004 4990 5201 590 8094 7106 3653 2471 6213 4347 3095 1148 8907 100 3556 1828 7480 4849 4803
26 1922 8722 723 6184 3741 1280 8010 8576 9505 9675 6250 1115 1334 6391 4769 8486 3667 9651 7402 8042 4927 2039 4106 6438 2286 6987
27 6143 6904 6597 8086 2706 1918 6947 850 9512 2025 235 6096 5474 4189 506 7728 3480 439 2243 8045 7272 6167 9032 7221 6341 9215 4902
28 1874 7599 7957 3227 6102 6563 4230 3445 2534 8475 4536 7255 2350 8829 2116 9470 6846 2089 1182 5924 270 8068 394 7967 3314 166 2386 2208
26 3870 5597 2851 4144 4051 9267 5430 7062 6264 271 6435 6709 8944 6164 8399 4115 5916 3183 7547 186 6702 7548 9753 1184 2515 5594
26 2015 9048 5763 948 8156 7224 7143 2722 6899 998 2928 2583 9874 6969 4295 84 4429 1687 2193 2863 7593 9069 623 9045 1278 6939
26 1140 3027 8520 2680 488 1365 148 9501 7731 2119 9457 6696 8705 1964 7690 9679 3840 3587 2720 83 7869 4013 2028 3274 8400 3616
26 8047 6547 6889 6564 8304 5794 3441 6633 1628 6976 8659 2002 9434 2236 794 4741 8454 2679 4250 4514 2174 8691 5869 1017 9234 4684
27 1061 313 1316 18 7363 7296 8107 5638 4238 736 6064 5090 3404 5541 4746 5439 9325 1800 4291 5986 4497 94 4564 3576 8386 6507 3565
27 3230 1610 9817 7193 5222 8431 6946 1390 3071 6736 5097 8180 6654 5872 8723 1595 7485 4591 6073 5046 8044 7652 3450 6876 3931 3382 4393
27 943 3292 8348 9682 6562 8663 561 7496 8359 4985 2148 1627 2261 1221 1506 7052 2389 1820 1890 9701 5196 6375 431 9536 6047 9646 3195
27 6583 8975 1666 230 4940 189 5917 1358 8395 1877 843 5063 7168 4099 2197 1335 1907 5085 5443 4869 6370 6982 4047 8225 7370 9774 2563
27 7779 3297 3061 1978 4624 4496 4730 8701 9960 8595 9105 8842 75 4262 3422 1540 6798 3500 5038 6289 9181 5727 7166 5271 7422 3933 7845
27 9019 8792 81 3699 9726 2819 1772 1058 5117 487 1957 4848 9987 9210 7263 2555 5440 9666 796 2313 8555 374 2268 2035 1101 7159 8763
26 4717 5250 6825 5098 7367 3791 2433 3360 2795 9909 4040 5247 361 1443 5265 6659 3677 7730 420 4392 5057 1801 2490 1719 6105 1952
26 6610 1713 7291 5561 9952 8194 4942 870 6131 8879 3310 3413 4426 5011 9423 9182 4880 4695 4871 5905 8872 5225 8455 5027 8985 8834
27 240 3325 5828 3181 8940 7295 441 1806 8418 2877 5893 1794 5579 6716 6181 7293 462 6835 114 8403 4550 1103 7256 9388 6358 7689 1012
26 4949 589 8173 4586 4121 4548 8641 1347 5825 1923 2444 4983 5616 5670 3440 3768 4263 8736 1398 5458 7234 7603 7783 500 9632 3664
28 6238 5883 2147 7275 412 4080 3748 5517 4639 2792 7042 9452 8238 7477 2597 3830 3902 417 7087 9242 1574 649 7407 1494 4466 4958 8569 5806
27 5979 446 1751 2142 4991 8525 80 6169 1757 5703 9772 42 8026 314 1982 347 6153 2005 5617 731 1006 5722 237 7822 6568 5814 8372
25 4325 1670 2269 3864 8095 2338 9380 9004 4850 79 4061 9118 8037 3101 7647 4988 625 4979 1968 2605 7907 2188 8634 5879 1557
26 8719 2171 6462 4530 2088 3210 9273 4876 5130 8700 629 7743 4165 2647 1838 1955 3059 6036 8309 1644 6084 192 8060 6144 9420 5200
28 1284 3926 7753 6214 4152 3081 3453 7850 7705 1599 1490 1300 7669 8316 659 2552 6168 7636 830 8435 9539 5251 8717 1974 521 7301 1288 8690
26 1018 5296 5658 3432 3216 33 9321 6819 6537 3590 7381 1636 6069 2319 6034 3661 2712 6870 8434 5150 8796 2570 939 3627 4800 4515
27 218 4214 258 9836 5412 4366 105 1795 3322 1712 916 2652 3264 7427 5878 7374 2905 3048 7639 6061 2161 8470 214 7838 6215 6307 3244
26 1956 2463 5764 5711 4154 268 9831 5053 1604 7943 5633 9762 5143 5115 3543 7831 9591 2417 1127 6658 3545 5418 4304 7827 3010 9995
27 4644 4435 6387 7899 3779 4808 6309 5749 7917 7446 1975 1240 2027 6388 9852 8120 2757 1050 9622 9975 6584 4714 4055 7803 5477 9200 9884
28 1022 3755 5168 4380 7988 1773 2216 6566 3454 2609 8354 3563 808 5640 9296 2118 2371 7016 8313 716 1731 5367 1250 3987 8232 7499 53 2920
27 8571 2654 879 7069 2684 8411 2071 9216 9829 1480 7065 9099 2374 4453 4095 8852 1597 3261 8149 4583 246 9378 7035 7292 4801 7321 8871
26 7346 6397 6430 1970 9444 6465 5257 4635 5001 6417 6070 3813 6955 5710 1906 1985 6565 7341 3869 8415 55 4023 6166 2146 5187 501
27 923 5934 3890 5072 4228 5136 1492 2115 6224 9885 2982 3113 2465 4368 7959 9758 32 5311 7901 373 6642 4026 7269 3391 1275 6123 2841
26 9910 6521 7088 1228 507 3060 926 1779 6262 7046 1098 4306 6201 5357 3775 4093 4384 4153 2628 4359 6786 9767 8144 3604 4552 1403
27 9914 5954 7971 9672 3676 604 9179 5730 1564 6874 1995 3281 6847 2503 1531 9830 691 1193 4508 9141 9297 2531 1924 1901 2816 6854 9171
26 2448 6129 7182 1842 6470 2192 2310 1258 3730 1786 3947 6098 4019 5285 7484 516 2808 9514 5647 5280 9165 4627 8574 3340 5368 3286
27 1546 8780 8661 3633 427 7102 9919 6412 6657 3867 6661 7807 532 1169 1044 2366 610 6666 9571 3170 1110 9554 1276 6091 5009 7327 8649
28 2709 486 4698 876 8949 964 9453 5976 2793 4647 2500 5786 4767 287 8288 7212 9209 3720 7012 7395 1951 9971 4910 2325 9618 2307 1116 9204
26 1529 5498 5556 1385 4415 5463 7757 8353 5736 4944 1811 5366 7403 7456 7058 5392 7973 2727 8889 5387 1892 9870 3938 325 9808 5205
28 641 379 2155 8999 3940 7811 6729 2922 6281 303 919 3289 254 6063 8756 2957 8873 9709 8769 102 6971 7493 8855 4474 4457 121 2041 993
26 4317 229 6170 4863 1024 7555 8110 8331 3835 2968 6051 4976 9098 96 9193 4892 1928 8966 2919 1601 6479 8981 2038 8219 3786 4271
27 2177 7844 1513 8153 4107 5820 1565 1456 354 4090 3612 7309 1735 1742 1640 5755 586 6818 9250 6292 3065 5244 9473 5863 9201 901 5259
28 9740 1416 8632 8986 8906 4220 435 8786 9552 3219 5897 9801 1760 6356 2525 1602 7571 453 1900 5102 619 3897 7900 4794 6436 6162 6655 2817
27 5254 7630 6801 9548 6340 6431 8170 8614 2354 3199 3220 6539 2948 3797 6902 989 2569 9424 5459 3467 704 4334 9704 637 9905 1043 1840
27 2541 5141 3135 1426 3737 7090 2406 3001 5054 5960 1905 3448 5217 4997 2519 7806 8496 1054 583 5278 832 9164 9955 7463 8378 8134 6001
27 7458 3986 3957 3566 8121 3990 6936 8147 8624 2016 932 3953 1166 9479 8969 443 6081 9233 2489 423 2256 2068 7745 128 2030 3834 3328
26 1785 7097 6514 1936 8759 9861 7393 5650 6580 7290 6020 3114 7149 8436 1661 2610 3944 2568 7001 3258 2895 522 7752 8783 151 5972
26 7936 1442 1512 6645 580 9903 4510 3973 4977 7154 6677 9089 674 2737 7769 1407 371 4010 7245 5093 2085 2598 6111 1669 8589 8648
28 5975 8397 2649 2642 4925 1836 8798 5383 6670 9154 7139 4826 482 2675 3985 7565 8282 566 1799 8748 6732 2520 9106 2106 2113 4044 2521 4882
26 3729 9732 31 6724 2773 3731 5484 5520 5793 397 2744 8417 3818 2504 9738 8611 504 1382 6223 1226 9078 2560 1517 8125 3691 3336
26 3367 3507 8762 7816 2495 7277 2196 9661 5690 2820 5689 2991 4649 4397 833 8668 7041 4156 5857 3575 8116 4933 6194 2228 1336 660
26 8000 4361 6680 624 3396 7078 8224 9507 297 6279 2702 2935 1993 713 7674 7338 8800 9244 8695 2239 8791 7336 9813 5672 6844 8684
26 7655 6665 9880 8115 14 1663 6602 4003 1362 3042 3547 7523 1830 4708 9357 9527 7605 8770 4213 7039 2438 1039 626 1372 9602 591
27 3086 25 2481 3265 4015 6999 3571 8837 2050 3198 2682 2739 5157 3832 5224 7276 3351 5358 5199 4396 239 1675 9781 6944 2891 1220 4062
27 5573 9754 6365 438 9894 9397 5961 5536 4210 1014 2234 1526 9056 3662 846 1639 6174 5262 1558 9318 8416 5911 8318 3386 8091 4227 514
27 5985 9519 6480 4231 2092 1199 5819 1831 4929 6028 4747 3245 8625 1052 4527 125 9684 2221 6660 8450 1373 7896 9450 2043 523 169 366
28 4604 5272 6076 1721 6327 2134 2782 5293 1359 902 4967 6978 673 9761 1649 4602 2372 2295 2358 1638 95 9680 8305 2786 6862 618 3538 6071
27 8422 7926 7767 6740 8284 1229 272 6405 4932 7718 8774 8247 6359 7879 9025 9752 7759 1665 6803 2012 1848 1966 2072 7400 7076 6930 3212
25 2265 9436 5103 9138 3256 3952 2637 7754 690 1769 5973 1383 1904 5537 8311 2180 9177 2163 4723 5487 319 682 7067 4434 5308
26 8758 5325 494 5124 1722 4507 8274 9180 6761 40 7763 5953 8927 2475 7201 4610 5601 3379 3412 386 834 1997 2974 7451 5163 4014
28 2099 8373 8344 4572 1849 1536 6032 9542 8633 8078 1858 5432 855 4001 8918 3641 9428 4499 5435 7378 3727 30 6195 7517 3777 3997 1972 3851
27 8111 6630 995 8240 7720 3439 7878 9741 8870 1298 7010 2415 3303 9052 9779 5899 2292 308 8337 7260 3546 9080 4038 104 9208 7616 6956
28 7862 1289 7119 3905 3371 4687 7399 6511 2184 1939 6065 4516 2207 2373 9356 8552 2006 2356 7953 3715 572 2375 8210 2213 7034 9551 8185 6556
27 9913 7534 1562 1977 5330 2836 1042 4431 7130 5018 5831 8962 2421 2750 6419 7843 7249 4661 1953 5397 8708 7712 4081 7213 5026 8833 6833
26 4321 8077 2582 6495 3740 8598 1524 4971 3794 6093 3345 6606 9681 1466 5992 8844 778 7885 184 1612 7308 7060 4951 8269 6585 479
27 4048 4181 8099 2858 6887 9608 9338 5610 9961 477 5108 3394 1436 7758 4254 9598 9282 1141 8401 3896 2141 9498 6067 729 2045 3110 2874
24 1002 9021 4419 8251 1538 8739 43 2629 1479 2270 5450 6023 363 6985 2566 1883 1872 6080 5774 9526 9724 9778 8697 6097
27 2751 6319 9648 6114 8464 8803 3496 4901 8805 2381 9299 3692 8532 2145 2496 1824 6760 98 5723 3663 9584 1643 2023 7074 2813 4535 9696
26 3193 1421 4830 7056 3852 533 2416 8665 1702 3188 2915 346 4488 8514 5788 3165 9785 9564 2831 6815 8312 2357 4874 4487 5923 5256
25 89 8290 6830 2876 3277 1645 1553 3771 1321 305 6901 1236 4926 9167 644 710 1716 227 3025 672 5240 1106 7002 496 953
26 9449 1706 7176 5169 7189 257 5481 5810 9140 8032 9461 7999 2714 595 6650 845 9934 4690 9877 6867 6136 3151 7237 491 5942 3373
27 7376 6762 3964 7125 4913 6662 3502 3512 4017 8302 3476 1690 163 7828 8600 204 5781 7163 4502 266 6398 7977 4171 1733 6440 8521 6457
27 233 5377 3324 6072 8581 8481 3368 2740 9607 528 8440 2869 7364 8421 5907 2139 4035 5838 4571 5235 577 7888 3623 8960 8924 1123 7723
25 8878 4052 1959 631 1709 8914 6198 9989 669 1961 7397 7434 7858 2941 1167 4630 6553 2837 4513 6777 304 9088 9988 3569 7199
27 174 7483 3778 6694 3116 7250 8538 7742 707 7918 883 2290 3307 444 333 9355 6826 9940 585 103 6288 6714 1270 9265 6486 8163 136
28 6745 1949 807 2298 8857 1033 1132 756 9697 267 1060 9594 6984 9286 875 8205 8938 9488 6774 7908 2367 7578 735 8869 4739 4585 1630 8479
27 3288 4255 3315 3515 9084 7342 1780 9615 1867 4134 8072 7993 2082 9676 2443 8456 543 2925 8157 5214 9923 5538 1530 472 909 3977 771
26 1143 3389 5994 7952 685 6244 2379 8720 3630 4835 1028 9031 5349 4461 484 1704 3978 5876 1460 1614 7619 1740 4101 6926 8993 4742
27 5562 3330 8793 2491 7524 6873 762 3117 1979 2530 7057 9508 2716 6049 3970 6336 5508 7219 2227 4057 2408 2013 1516 4509 1631 6271 7217
29 8994 9600 4709 5734 8080 784 6247 4335 4261 2264 1394 3792 5787 6653 4149 5602 1302 6993 8465 1926 3584 4888 6310 3885 5113 5076 3316 8484 5642
27 5742 7929 6222 5997 3810 2983 8249 360 6006 6074 9112 3271 6372 8193 8358 5208 2899 2200 3361 6981 5560 4222 2791 5028 3309 4922 9799
26 6744 9569 584 776 9966 1835 8820 6895 4157 315 9445 6134 3644 2976 321 3989 7428 6542 6697 5246 2362 6839 4007 9887 9414 3339
28 4352 3430 1676 5426 5346 8934 6576 1129 8947 380 2277 1833 4116 3356 8485 3255 5855 972 721 8457 2785 7543 4993 5042 9635 8544 7566 4039
27 9864 2678 5589 6416 4058 6972 2894 8954 2202 4622 9949 6230 9896 4964 7388 5596 2870 6454 5022 6277 7158 3162 9101 6599 7890 4376 3862
27 7432 4465 2954 2191 7146 3014 9146 2407 7577 3235 3333 167 5193 7317 2888 517 3488 9706 7415 6270 4790 8955 6494 123 6872 6126 8250
27 2669 7519 3693 6692 9943 1579 1919 2178 1435 5238 9002 7136 2986 1025 2947 3982 6731 7666 6140 1405 7777 602 8396 9390 3815 9241 5966
31 5281 7713 8200 1113 2411 5868 8441 4281 5298 3158 1914 13 8379 7533 5707 5460 9259 3451 5835 7439 3444 7350 8347 5574 9368 7177 4085 4878 2900 2635 8897
29 1206 4337 3580 8230 1551 3669 4147 7036 8893 4570 5599 1707 8452 289 7003 2832 7093 3553 6263 4549 3094 6841 9091 7151 2604 534 5956 665 5996
28 4948 6382 8119 3887 8958 2122 1354 4340 1303 822 911 2203 2653 2724 67 3234 5239 8090 4104 3109 3456 7207 5086 3355 7995 9272 8317 9063
28 7383 8815 3298 8244 6616 8881 5094 1654 6516 8522 5628 4540 2306 1837 5571 6414 1783 7587 9218 3645 139 638 4170 8511 2930 5149 7313 4143
28 1695 9072 1821 7280 609 6543 2474 6301 4779 291 6932 3811 9890 5712 2969 8286 6218 6604 5655 1717 5731 3024 41 7580 7 9020 2884 4870
28 2717 3635 1478 8830 9232 6965 5693 967 5486 5 9652 7461 5185 593 1839 7937 9172 8858 5871 8602 8898 599 6236 3208 9490 8075 2909 2980
27 9049 3111 3138 457 5604 9578 1341 4436 9238 2664 7513 904 3223 3719 9333 8405 2823 3943 6593 6900 1011 9237 91 5866 9522 9928 1030
28 9579 4810 8895 1586 6333 2806 3409 7059 8162 2754 8294 298 4395 2069 7038 9524 3711 4728 9907 6275 1829 5029 7829 3648 1121 1265 7138 4266
27 3705 9636 3145 71 4320 977 579 497 1473 7830 5624 3972 7927 2220 8556 9466 4506 2051 8517 5657 6549 6711 3793 5304 1583 868 2603
28 7379 8102 9528 7609 5211 3702 7387 2136 607 7460 2783 9689 7880 9979 8277 9638 4268 4822 7431 1338 1467 4097 4885 2309 6734 2945 8775 3260
31 1194 3809 798 6200 4135 2882 5908 6769 7960 9869 2599 1655 6013 2087 1573 6908 5144 5290 111 5964 4290 5179 5528 3366 3924 6296 4526 7475 4109 8530 7564
29 5919 8070 2593 8038 4763 558 4123 6381 4840 7989 1408 9364 1568 9068 7607 714 5545 7082 7132 3497 3177 8884 1916 8033 6392 8296 5273 2862 2775
29 8599 1433 6541 3557 5717 5164 7556 4751 8469 7623 2937 996 6506 1397 9467 5386 7262 160 294 171 3879 8 3880 639 1031 276 4596 531 44
29 4836 9702 2359 5437 3504 5664 588 5020 2889 3393 7994 4481 7005 8135 7801 970 4310 7251 5231 5789 1329 7072 9722 2621 5155 7910 6703 2314 9510
30 768 2343 9999 7373 4177 3829 7198 8767 9322 1213 312 2872 5044 4328 4556 2168 5101 458 8449 7129 3011 8328 4575 945 343 960 7384 9222 7063 399
30 9489 5891 5721 1356 0 8389 4812 7408 4924 4364 8747 6859 8933 9970 7162 6571 8795 9093 5462 6715 9734 7821 5606 7185 6199 9590 2452 2245 8168 3894
27 1037 3751 854 8204 3689 7028 8923 4468 9379 6010 2127 2287 1457 8053 7983 7897 3723 4725 5261 9190 2397 3579 8443 667 3628 4699 6437
28 8546 3508 7239 6581 9737 3091 2263 6004 3917 6220 5816 3074 3136 6615 3593 7787 4167 90 7261 5188 7532 1698 9797 1607 1445 2449 689 3916
30 4065 1776 2166 789 6362 831 1474 880 6545 393 7727 8931 6756 6232 1710 7823 7853 3082 668 1863 5867 9629 8772 5922 5673 6905 8425 9805 7805 6425
29 6600 5317 4275 7662 9011 7680 1225 5652 9827 6424 8785 9448 4733 1243 9221 2794 7500 5154 6128 9077 3671 4784 8280 4541 7582 2339 6598 8814 2170
29 908 2693 6208 5864 5909 9784 5887 1252 1051 2436 4381 4087 4063 1195 2624 4582 5740 4032 1691 5142 8636 6187 9095 3732 6586 1201 8096 6952 3842
30 211 8606 4629 3163 4068 8885 5404 3788 2840 382 1327 8743 447 2083 3881 9163 2855 5965 1183 2404 5524 8186 1884 968 1179 749 3646 1465 9196 1032
28 384 262 4559 4898 8929 7528 179 7627 6141 9660 7732 8355 7710 5751 4443 5034 5004 9631 6863 7817 9875 7360 7278 1197 6743 4484 3908 6992
30 1269 4450 693 1736 1431 7601 9649 7019 6282 2608 4024 3343 3802 6221 3721 4202 3250 9246 1648 9499 405 8764 9066 8285 7708 449 9545 6196 7925 7824
28 5914 6855 5557 2237 581 3650 4433 9588 7588 3478 173 9304 951 1231 1368 8314 7333 4724 7648 5778 2732 8887 215 1876 2062 2238 3077 193
28 389 7153 1015 881 8340 4824 9533 4432 156 6276 5118 164 1090 6555 4595 5230 467 9263 747 9276 5521 7922 4918 7081 8527 6750 1419 5497
29 3767 613 6441 6207 9076 440 7330 2698 9765 4339 6631 9170 8483 9822 5754 9404 7606 6396 5135 5058 1739 3529 7834 8911 1227 3668 4587 7740 9332
30 3161 9509 3334 2112 5350 7497 7733 2283 4753 9270 3300 1049 4968 2538 3738 4766 1888 5445 1493 395 8177 2427 3106 359 4331 5543 925 1667 3093 4377
29 7600 6520 8245 3311 8996 5812 3805 6717 9567 2324 3390 6324 348 6003 3457 9278 7096 2579 1317 6881 8754 2301 8252 162 7861 5843 8617 4045 8213
29 2944 7113 7891 605 4950 7174 3519 9895 9978 7392 5146 5582 8279 409 5837 341 525 5341 7687 4288 9823 1552 6574 6103 1509 3115 3517 759 4350
29 3272 39 388 5950 688 9788 7650 5156 9026 9124 6820 511 1307 5202 2883 3072 3899 7079 2618 4711 1812 195 9793 4562 2493 5442 6890 3446 7750
27 7196 9750 2812 7314 4100 2214 2923 6501 8437 4025 3206 2596 8393 3079 1853 8203 3344 4336 6022 8592 1941 2807 1686 5490 9944 9532 4186
28 4523 2007 137 8679 9897 7510 9540 1925 9899 5268 3533 7802 4914 9061 3099 6449 2586 4218 7345 1290 3747 5936 9393 6800 4917 6364 5438 3270
28 4390 6548 8982 264 4500 1216 2499 5347 7248 2811 3975 2498 5632 4159 2890 679 3717 2633 8289 50 6373 4312 6068 7302 2588 9825 1958 9014
29 5245 5679 5813 1459 4774 5898 1333 47 6994 3718 1432 455 3687 1657 2353 5482 1440 3132 4448 8952 4764 3364 1223 3577 9492 9111 9446 4566 520
29 3252 3774 408 8394 2308 9663 6099 9664 2612 8609 5676 7192 3092 2587 1215 6851 9298 3318 8542 8067 46 8841 5892 9538 2328 6415 1527 4296 6030
28 2981 9451 5382 9985 7329 6158 8902 4286 3637 7340 3046 8536 2572 2886 9266 1287 9671 6048 9911 7825 2024 7592 112 1910 3807 4707 4531 8979
28 3028 9372 884 1427 9503 9229 5260 8471 7741 1878 3919 1634 5088 8300 5132 7391 3214 2575 3665 8751 2854 4219 2450 5790 9994 9408 9611 9213
