31 3663 7634 2636 7545 4805 1665 2886 5988 1896 5528 5855 5112 4927 1806 6832 4210 7229 988 5416 5373 4082 7469 8280 7811 806 4097 9828 8224 5923 1897 6239
30 4780 7576 8973 9506 9856 9037 6151 4560 5297 4957 226 623 8453 4019 8685 8033 1851 8923 2057 8074 6536 1056 9600 6180 4471 8116 9945 2075 2117 6470
27 2634 2426 4574 8571 6522 6810 8249 7285 6186 1565 3576 6808 3637 9505 9824 4941 5067 4353 1002 2027 7491 8064 6194 2043 7466 8442 1771
29 4032 3572 1377 1217 8968 3868 2826 1192 7930 3197 6 5731 3954 4553 5655 8439 2625 5311 7951 2423 8298 4403 9063 3986 4916 5664 2294 7411 1090
29 2174 4243 8404 664 846 8366 5786 1505 5455 951 4202 4821 554 6910 6617 4690 5852 6334 1000 7886 3489 5913 7087 9420 8994 1284 486 5293 8419
29 5221 321 8906 5356 7216 5085 4126 5307 270 1534 7351 6207 191 8638 9795 7332 1583 412 895 9465 4786 7101 8741 9207 5850 7075 3859 5033 8718
30 3171 3749 1152 2047 2034 4914 3972 3982 8788 9694 6734 6424 8921 9386 2286 1404 471 6937 9963 8071 7645 7991 5234 7420 4100 4659 9815 5459 7547 7812
28 347 4052 993 8054 4724 9109 5920 3777 5545 5117 2581 3724 60 6484 3101 7177 6078 9097 4113 518 489 6344 6300 3653 5884 5650 3823 5366
29 2882 8273 8423 4446 6989 5518 89 6664 3385 8296 920 1863 7063 4625 3445 1015 3857 101 4124 6268 7960 5700 9277 6559 4509 613 5287 5977 267
31 8729 1262 4065 2440 888 9996 5846 3933 5028 9685 7022 1523 8430 4867 9385 8153 4720 5396 7906 5328 6633 8031 9720 3370 8396 9717 713 444 1553 4791 183
30 5002 9014 4077 748 2498 970 5209 5284 135 2012 9280 2570 3084 2805 4798 5515 7418 9701 3862 1830 1847 8501 371 5351 9020 9005 2750 655 5630 2438
28 2484 4283 5010 5477 8207 726 8122 5565 1699 5127 8509 2008 2411 4955 325 4844 1798 4030 6036 923 5822 9800 4062 9842 2303 2935 9478 7768
27 3417 8709 1066 4021 4106 2488 461 6053 9171 6598 9079 1735 5114 140 2619 7144 1227 7400 8137 6090 3529 5110 8114 3809 7119 2568 6243
28 8833 7647 4426 6903 4170 4801 3167 1225 8548 269 8592 4930 7683 6313 3715 9853 9892 6789 1182 4887 4929 5022 8185 8866 2495 6426 7460 7293
29 2796 3122 8574 8142 3315 7230 2068 4141 3737 7876 5151 1409 1608 2676 2513 259 9722 9230 9272 1888 7127 6147 8606 6887 1707 3798 525 2060 93
29 6975 814 2549 9486 5967 851 8080 4831 2512 4650 5295 8942 2970 5433 8126 1991 6752 3393 3096 2978 9383 8831 5466 5597 4251 4045 620 8570 250
29 2280 5816 6638 17 6145 1340 27 7183 1719 9921 3863 2304 3463 2578 4390 6149 9716 9266 8328 4134 2088 8909 2177 9574 1908 1195 2808 3549 8495
29 8770 9236 1747 9718 5860 979 8220 4497 7120 7116 3264 2311 7225 821 7637 2610 1483 5347 7410 2621 5186 8862 1879 6472 8610 3450 7340 7204 1082
30 8135 7368 5122 3368 1472 9215 8738 1704 580 747 6138 8829 837 3150 5999 6093 7660 2200 5080 8957 5091 378 4843 5768 4972 2703 2250 3376 3116 8105
28 8941 2907 3198 1619 6144 6623 8769 4894 2479 5839 1716 8950 2084 3910 456 1026 3990 4216 1778 5126 2035 3052 4600 3754 561 4061 4601 2104
29 3173 6197 3190 1959 1621 9428 2044 8598 8146 2261 5422 9526 2756 8820 2186 4319 5718 9165 409 7040 9140 1291 1979 3328 1455 3502 8627 2950 2400
29 1181 5476 9004 1067 5571 6056 8654 4010 2140 7050 4535 3819 2350 7059 3939 6695 5737 975 7470 2866 3244 4676 1163 2360 9731 7300 1876 2272 8898
29 8887 4215 3968 3712 2349 5941 5264 2755 9964 2013 1926 2768 2680 9994 2544 7180 4316 7176 9204 1784 4385 5493 4939 3997 3035 4839 9528 3995 4171
29 1875 5516 9562 632 352 8081 5555 8059 3039 4644 2194 5897 4936 415 4346 9577 9624 7916 8552 5665 4761 9105 2224 8248 4736 3349 5915 1370 5755
29 7009 3727 9688 6428 2297 3856 7001 9466 9939 5439 350 4603 3080 4578 4265 6816 9934 2848 9012 4459 8930 2962 5948 3776 5523 4129 2357 197 5103
29 1215 2801 2870 691 7642 7653 7140 3032 1302 9218 4862 3907 7879 8411 915 7544 4723 7287 3849 2481 7610 5253 4865 6779 4489 1593 2670 7392 7580
29 9841 2351 4653 8840 3802 2576 9031 5363 7321 9049 6042 6755 8599 4606 5272 715 390 1857 1445 5925 2219 6533 8572 1610 9185 8567 5173 5118 5875
28 2216 1048 2916 8984 3628 2110 9512 4482 8614 7221 5819 2661 4455 675 1728 7962 513 5255 2958 5421 4160 7616 8637 1096 946 9501 5217 7785
29 7804 3512 916 2641 9213 2151 2150 8815 6952 9062 3905 335 9388 6981 1283 2905 7763 6128 2704 8931 1543 5155 4555 4280 4552 2188 8985 6531 8705
29 2925 6213 8407 6249 2116 2199 7520 8562 4245 7219 5101 2990 291 2815 4715 1832 9401 4384 9404 8700 885 8360 4177 8012 4120 5725 1070 764 6654
27 7899 5046 5420 3423 7998 1162 9188 2005 4193 5560 8395 8807 4371 790 6135 6143 9376 5510 6985 6799 7308 6994 6390 6051 9810 9990 9197
30 5016 1290 4439 9016 6683 8946 7132 7557 8429 1277 4342 4043 7502 5181 3391 304 9301 5960 8127 4267 5699 2497 8161 4545 8333 6723 3435 7344 6212 3638
27 4757 1614 9659 1803 5640 7471 6857 5666 4623 8099 845 2503 6140 719 1287 4888 5724 4472 2348 2677 2138 9429 2999 2617 2522 2566 7405
26 1743 4099 8039 4922 245 457 2663 4301 7207 3351 2963 5942 9458 1651 1647 8212 3716 4621 8002 7564 9283 6367 2504 2673 6821 3465
27 8189 9028 8543 3608 1062 4327 1375 7421 6132 667 2658 6374 5940 5069 581 4315 7902 1774 6269 2122 134 2587 8069 1299 2839 2159 2310
30 123 8772 5257 64 7720 2146 700 8850 9740 1010 1510 3874 3337 3291 2046 7430 7589 122 6322 3031 4281 5838 1251 9290 2937 5609 4131 6660 1950 5269
27 5536 1450 2278 7598 7680 5487 2006 4190 3147 4125 6396 8846 7713 3606 5738 5316 6822 5220 3022 163 3107 3604 6341 8079 1065 7389 2819
29 7563 8995 8725 929 855 5835 8307 2554 9962 3228 3065 9652 9391 9667 229 6314 6025 6411 2050 6031 6091 5378 9622 2794 2328 2534 6588 7082 2501
29 5360 2984 1231 6453 578 5428 1121 5314 2933 9180 8745 3240 1138 4884 5633 2269 221 6173 7404 5168 6381 6629 1626 146 2918 2393 849 8498 1690
29 4490 1229 3988 9786 6791 654 2697 1285 319 3149 3383 9052 2281 6054 1801 2105 6224 8979 4159 285 4772 6566 6741 6949 345 2708 7644 3497 7571
29 2729 1898 2452 8782 7606 6324 7240 5031 8733 7458 9808 2383 1373 6097 2593 597 9387 6645 3816 2007 898 8891 3966 1852 8553 1634 5018 2231 6448
29 1910 9081 41 9587 3728 2995 8125 4229 1406 3684 2472 9150 7890 745 1678 2189 5020 2208 8240 2969 9228 7838 5712 9938 2284 4665 1385 9174 7198
29 3853 5583 2296 7878 3130 4207 3410 4337 231 397 4590 7323 3204 7927 9779 1962 9801 3017 3555 9375 7696 9567 4488 5055 6317 7771 2164 3719 2165
30 5418 6760 3560 5603 1296 2506 1180 9620 9392 1701 4591 2589 7798 418 1890 5423 6050 7356 3290 308 7677 5628 6574 1484 2072 5409 8630 6276 4232 751
29 3430 3647 1327 671 5870 6504 9341 9484 5874 2161 261 5636 5005 6790 6712 5639 9943 8255 2692 4026 6398 1618 1637 7818 8671 6722 2318 3218 5498
28 4105 6998 1785 5778 6958 4585 2991 1742 6833 6631 4254 6410 9076 9444 242 3649 8658 7617 8795 8842 8981 2674 6715 8374 2424 8953 7954 3193
27 9823 9189 852 9603 156 9166 5861 5701 5507 1676 1686 84 9539 3014 7419 3806 1318 2894 4680 4631 7039 5060 2204 5599 7729 1500 9298
28 1216 4027 9448 7330 4112 310 4494 4579 1633 2664 4763 2723 9593 7672 2914 370 1775 171 3824 2264 2816 6384 6831 8420 3121 3360 7671 3254
28 3508 5390 7268 3701 2313 5240 4773 5729 1972 1982 1142 1263 4735 7441 5907 9531 6565 792 7780 5441 4073 2258 3710 4649 3285 7893 1052 5567
28 8476 4174 725 2378 5616 6778 9365 9631 4412 7053 7629 5331 3283 4025 4169 8250 7718 6502 5124 3382 8159 8917 8779 4313 4674 7292 507 9993
29 8027 4189 9328 6046 4020 5714 8903 5938 7935 4926 7532 9857 9068 841 7193 4000 6689 8708 3971 406 7457 9677 7764 8951 927 1646 5647 2175 922
29 2182 684 5797 3378 6473 6900 7459 7559 9738 7575 6234 5107 5864 4039 4784 4661 757 1616 1544 2532 5894 720 8675 3467 3048 9658 8223 2582 6263
28 4410 1865 7517 7028 3352 6296 7329 3348 5170 4461 9653 7096 2389 6639 1210 8457 9261 7856 2597 2470 6685 8226 3485 5023 5900 6700 399 6161
27 5216 4516 2329 889 5393 9520 2946 3787 59 1976 3267 4767 1325 4549 5313 6684 6702 9332 5893 1363 106 5348 7484 2193 9744 2678 7874
27 6754 9561 676 3057 7403 7041 514 9742 6835 5953 5978 9958 2399 694 1266 1294 3003 7555 24 8186 9922 3783 9210 5845 9457 1921 5341
28 2444 759 7566 6245 4246 159 1348 504 311 4068 4934 5131 6618 3226 5456 7355 5764 495 6204 3054 9969 3443 4197 8993 4321 3531 9607 8343
27 6190 9371 5233 4114 683 7741 8369 440 7636 358 7304 8518 6809 2938 763 3767 5581 3887 4518 8911 6469 7944 2521 6260 4273 7154 268
27 4694 3548 1050 2184 1535 8035 7595 2556 9205 2972 9130 4213 9186 3009 2029 262 5717 4224 7408 710 1414 3073 9181 5140 7622 2753 933
28 288 6443 422 1493 2091 7739 4889 4088 2505 2014 3937 8443 930 7867 9142 5251 255 8527 9044 8750 9343 8060 2433 5068 3778 1685 6422 7233
31 8346 5479 2652 3800 3179 9152 3493 3980 7328 8821 2835 9085 2605 7965 3 5807 1095 1655 9678 3109 6327 9418 9880 7062 4729 1567 2215 7743 6803 2720 1995
29 5631 1433 4967 4581 7602 6597 3128 3460 5206 5573 2 4502 6983 1141 4774 5888 6677 8117 527 6244 5163 8489 1494 6236 4548 6164 7093 8214 490
29 7495 469 7777 1342 5365 8089 4706 3095 5537 8875 5434 3064 3670 2141 7456 6196 133 503 1495 7913 2162 778 1542 8051 5877 4580 4705 1132 501
28 6619 2067 2719 1439 6278 5184 7030 4308 6864 9811 5561 1198 2671 6237 1430 5643 6886 690 2316 5617 9617 9410 6829 7953 9794 9249 6728 3920
28 7568 4956 272 5961 7888 3633 5306 2814 6393 7486 8895 6071 1116 9878 6921 7792 4421 8473 2932 9237 4630 3338 3825 1362 8362 8997 5890 4598
31 281 2323 7669 8858 4830 661 6727 7526 247 7929 9494 5831 6974 6407 9120 8618 7842 5514 5000 9183 1656 6350 9405 560 8168 3893 4464 8157 139 7038 4850
28 9525 224 4437 5196 3496 528 6650 2890 7691 7243 967 9378 9394 9414 8042 2845 4610 7957 9027 8582 9275 2226 5189 3830 7423 9995 1476 3280
28 5232 78 8267 151 5623 7205 8544 7475 5898 2312 2243 4443 3981 9644 8445 9573 9611 278 3487 1551 7012 5985 7066 2185 9883 1092 537 6988
28 3358 2355 9193 7045 7759 8327 5637 4536 3640 419 324 4824 4808 2936 408 3498 822 9777 7123 1582 9431 239 5038 1313 4023 4422 6692 1446
28 7521 9918 8075 5577 258 4285 1596 9899 5008 3840 3791 7845 3241 3061 4098 4005 5074 5710 4445 2436 1206 1150 9906 8241 8783 754 5695 1861
28 4819 9760 6761 3948 4775 1236 2716 8778 3842 4476 1470 3062 8175 7202 5658 6308 2518 9923 7091 2142 4220 5368 8165 299 7445 2764 2832 4521
32 1073 1808 942 2648 7511 5909 8062 6437 2003 182 8003 5932 280 4008 1416 286 5576 7383 5541 1777 3752 8731 1301 7112 9912 9056 4367 2489 3550 587 3748 1400
28 947 1724 2342 8810 5813 6045 3318 8295 2205 6431 7516 3172 475 573 2551 6441 9419 7861 9843 9143 6068 6731 376 3438 7160 1683 6514 2327
28 7065 4071 6708 1130 2778 7946 2362 4550 8871 6281 670 5526 3660 3845 627 4018 2545 5739 2283 7524 2754 7429 2432 1145 214 453 7166 3634
30 5685 9051 7822 7794 7380 8983 7115 6254 2681 8477 7455 9984 4463 2691 6373 9571 5930 7079 5734 18 9245 1869 1765 7133 3112 937 168 9848 8036 6002
30 8626 8264 6392 5082 9455 1631 6718 3027 1347 9732 2118 4990 1502 4595 2868 3245 1670 2567 8410 924 7853 5694 8452 1222 8963 396 4952 4085 8694 7966
28 4594 4287 7788 1886 7153 1441 5895 9358 873 6058 1513 8855 8379 6289 638 5626 4163 6877 1823 9508 2461 4829 8660 8531 3650 9089 828 7711
30 8218 7931 8757 5130 4569 2982 3575 7494 1573 9650 534 7481 6382 1980 3092 8010 8141 4084 5906 6232 1256 5414 2437 7825 709 7928 868 3912 9507 8480
29 7553 7105 8315 8184 9353 5453 3746 5801 1084 3720 6557 8632 963 6466 9487 6658 6494 603 2325 1317 6181 2569 8271 5790 3113 218 5355 543 7632
26 9214 2290 7237 9408 4090 6026 9532 1398 662 9588 4146 914 9612 5598 3325 7131 9639 4304 712 7749 3468 8024 2973 4997 8194 8620
29 7533 8643 3272 5296 766 6676 7695 746 8629 6076 1878 7666 3667 3284 3541 4260 6067 3546 4652 2976 1871 8739 8209 3033 5719 1316 5711 1622 876
28 7310 3002 6021 9423 9024 2871 7717 51 7244 2736 3582 9495 421 7139 8337 3745 809 2665 3230 755 9367 4271 6856 3677 2397 4928 2485 3543
28 516 1589 1102 1344 3530 8578 8136 1645 1694 640 7247 5404 2064 455 4388 4295 7748 1172 1927 2187 4352 8192 6191 5773 6103 9320 3289 1189
28 6338 184 198 3059 100 7149 7800 6583 4440 7463 6580 4320 805 6052 7246 8047 4742 7462 1258 890 5381 8377 2707 7018 7989 7907 3999 897
28 5292 8007 622 1194 3279 5696 6823 3458 1390 298 2183 2803 6973 9123 1333 8615 9184 1122 4132 6203 9546 5519 2119 1013 277 5339 2596 2324
29 3397 3416 878 7570 9106 5657 5868 8134 5225 9822 7253 4288 5191 1240 4326 1473 8115 823 5667 4103 4382 5009 8235 9398 6896 9477 1105 7784 5562
29 5513 7450 9579 9627 517 1356 641 3753 1280 9605 1814 5669 1036 4400 4530 3639 6266 3336 3148 4667 1584 3447 2450 1305 5659 3143 7261 7624 9424
29 1598 3127 6304 3794 5097 1424 330 6817 7942 6275 5641 887 5238 8 5128 9941 7083 6446 4262 8556 4290 9433 2638 1022 1 6836 2762 1958 2307
29 2382 6578 7313 2928 7397 7010 8849 9743 2418 5167 6070 1228 7552 8132 9982 9490 614 215 4635 738 1112 7468 5352 6429 1708 1336 7646 6795 4744
28 2260 1629 9635 6423 2737 4883 8340 9307 6717 468 1178 3533 5945 8053 2966 499 3398 6301 6737 8376 7299 5291 840 2023 7034 9061 2056 1208
29 2930 3686 6815 7129 6750 5866 9745 1854 1772 4909 3068 9615 1267 6995 5951 8576 7500 7407 3469 4409 2997 1947 2979 8873 8806 2248 6584 2779 8808
29 6932 7095 2021 9568 4828 8813 3573 5176 8502 2994 8177 5310 760 8631 3094 8435 2881 3196 9312 4282 1343 2111 6710 5981 7850 1031 7746 9710 9010
28 3320 8113 5195 9157 4312 5203 8087 8513 1187 5849 5491 7699 6797 8545 72 3967 8006 4302 5261 2507 2706 7973 2319 6547 8715 1937 3729 9763
29 213 2893 602 9446 3235 5524 3126 7373 2101 1282 4766 874 5387 8991 4050 2838 3192 9060 6475 4945 7518 7488 9679 6941 1265 3942 2103 2238 8612
29 636 8728 1380 7702 7950 3875 9233 5335 4845 6516 8860 2774 836 8678 9916 2687 1064 3340 3335 2478 1005 6272 704 6997 3984 762 7710 4588 8354
31 7956 3464 7427 3183 4768 9397 6931 8350 9202 6982 7732 1963 3678 3641 2421 3685 7505 4620 458 5161 9977 4969 5256 4964 7049 5410 4789 2655 32 6369 2620
29 1902 2467 3877 5388 5329 2793 8971 6640 3278 4769 13 5389 6880 8151 9126 3145 1940 5508 4292 2333 6892 6505 1338 3799 1511 7810 4873 8111 8734
27 5280 7331 6691 9038 8424 2273 997 965 5244 5823 7967 1289 672 3139 9144 8721 7664 8852 7058 8145 1489 9833 1155 3466 6647 9655 4719
29 7100 8569 8577 361 1009 8755 7828 2455 5452 7256 7449 264 9547 6102 585 7422 8228 863 1550 4931 233 2896 789 8023 9869 6703 9616 9970 3690
31 9043 8965 9211 2632 7539 1955 2239 9900 1140 4984 589 2499 4538 5919 2253 3826 4009 7249 7031 6575 5451 1149 9182 1219 2500 7353 966 6672 50 4869 3182
30 8380 3507 2711 8364 4029 1040 8415 6888 6890 6195 9459 8547 4151 5377 1838 3371 1837 4430 3411 8072 208 6847 7761 4681 5048 7453 2179 7307 1720 1541
30 568 8573 4133 9102 2564 8657 7872 5064 7834 8425 1328 491 7529 9116 3442 300 9045 8138 3760 5834 6622 8536 105 1418 572 8236 6401 8242 6480 9059
28 9377 5964 6971 1625 9989 7196 1127 8781 6871 5621 6037 3156 906 2062 5972 5963 1537 6794 360 5600 4646 8160 8461 6114 1501 193 2529 8580
28 5956 8932 6310 8961 5869 9935 3053 7014 487 2320 1417 3844 5552 4921 6591 6005 909 3930 9524 808 7016 592 7199 6894 1918 5848 5723 2097
29 464 3253 2120 3761 7581 8817 8399 5886 665 5943 3900 4800 8969 5698 9700 8162 2144 3138 9788 9628 9691 4138 7548 3451 9854 6546 2986 9879 6089
28 9200 4940 8084 2038 2217 9117 8068 8017 8514 4746 8837 2679 5248 248 6681 301 1906 9855 2167 1602 5748 7428 451 9308 9373 6013 5992 9554
29 7682 9748 9983 7279 5812 9893 2780 6690 3789 2156 1025 97 5159 3457 3934 1213 1792 785 4128 1922 8058 2799 4837 3103 4209 5447 9034 9807 5471
29 5275 7865 2820 9161 7783 5532 4201 6119 5914 5042 3341 7020 9820 5486 8106 4954 5530 5736 6228 1393 6413 341 5427 2387 4048 3144 812 1781 5785
26 5276 8717 941 4016 2371 3377 3303 6659 2201 3866 170 9928 3926 1449 3319 2843 1715 6705 1733 7044 1463 803 4420 7447 4597 4513
29 1624 4764 9972 3265 8565 6844 4397 8097 1164 6055 6225 8939 3427 6346 8530 2477 5804 9705 7762 6292 7921 6919 3199 4849 5937 6901 9154 1635 5321
29 624 6295 8672 7870 445 6720 2785 7774 155 1205 1226 2305 2037 9122 5787 7504 8838 7099 1527 8712 326 6946 5682 8475 6004 9614 7254 7551 9619
28 2975 1387 1697 6447 9772 5775 4710 5180 181 1999 1751 1427 500 5612 5340 3444 1891 4699 2166 2821 3730 1746 1039 4093 9803 3880 1509 6217
26 4083 7324 9884 4012 2099 7424 9523 2059 4458 2469 936 6388 9232 1713 7914 4792 8428 3281 1794 2561 4158 5847 3843 4855 9867 2797
29 6513 9656 1899 716 436 1893 2613 9379 9489 9929 1460 4480 3679 5842 2725 1873 5732 372 9860 5990 3011 2032 2903 2601 8320 7152 2818 1632 2463
26 832 5379 7869 1552 8139 7569 5299 5125 5582 4604 7775 7218 7499 2287 4527 6667 1620 73 4187 872 2622 1088 1856 6406 9882 1355
29 1078 1407 505 773 3181 5041 4628 314 7358 3421 4154 3293 2614 4618 5342 1820 5172 2456 8233 6352 2491 3583 63 6843 5646 1662 8499 8587 4522
28 2702 799 8310 8749 9540 7681 5315 7333 117 2508 8841 3680 8568 5208 1353 7712 8342 8970 165 7348 3726 5709 5979 8311 7852 1941 4417 8683
28 4075 2292 104 1312 9674 9692 355 8730 3993 111 2293 6924 1075 9555 4144 5035 6811 6171 4633 7311 9013 6385 5405 3366 8525 9529 3488 4427
29 5029 4759 6168 58 1948 511 4042 5511 2830 6273 9461 7909 2698 9827 1482 1981 7723 8802 6862 2196 6686 1173 825 7758 3629 7370 9910 8076 2699
28 5676 9819 9286 5399 4902 2288 2129 7061 1522 8013 7892 3892 9598 5004 7510 2026 5949 1257 4003 9766 7983 369 4418 9090 431 5590 1564 794
30 8330 2373 2921 1166 6525 698 1203 7136 1209 2967 8861 4756 7584 2514 8664 5635 7612 977 5133 8046 2840 9805 8505 728 864 9113 6834 7925 815 8588
27 1032 1359 6719 4208 5185 523 6270 4727 810 1175 4434 9288 5469 3396 6996 4781 5512 5611 6354 6978 7754 3925 9400 2789 5277 8609 6849
28 2891 174 7168 4423 5021 177 7970 6223 460 7388 3339 6459 2672 5620 3557 145 3344 9135 7334 784 2533 1461 9775 8758 6165 8272 3927 1721
29 2139 1779 7734 688 8644 9445 52 6394 1696 2207 3973 8029 3659 3878 3108 859 4599 8221 9403 6335 9285 6641 5166 1464 4432 323 3454 3219 8389
29 3045 7600 7687 3007 2743 1811 7793 8008 3237 5301 3792 8511 3708 998 251 5986 5218 4714 7619 8583 5661 5106 3381 6792 6099 1012 6311 4825 7074
27 4533 553 8624 8563 4992 1606 1768 8237 4275 6258 5619 1389 8613 2726 4284 7904 1072 9703 1165 344 3390 4514 392 9293 9895 316 9533
30 8339 9103 7621 1905 5557 6696 911 854 1799 3501 5747 53 3612 284 8279 5975 4199 6309 12 1426 6841 9666 1687 8925 6259 8521 3526 3432 2061 9767
28 5201 5282 8877 8206 7194 488 9756 4656 1201 5096 5704 9227 4104 3046 3898 2070 2031 3614 1279 6024 3071 9022 4906 2880 8554 826 379 5904
30 8497 8666 9190 4566 8156 5350 3916 7026 2693 2836 3768 1221 4919 9192 9751 1391 5309 1795 5615 6255 4102 4055 5440 9961 2591 7640 7209 5323 6926 2457
29 8485 3102 2526 4697 6933 1609 7601 8052 3545 7922 5505 6463 7554 2860 7369 7726 3043 4180 1547 6125 1989 9203 1693 2203 5614 7489 4072 9296 9496
31 473 9267 2586 8471 5554 5135 205 674 3963 6371 1866 127 3016 3565 1421 195 9235 9326 9273 2402 8371 5743 2957 8040 6807 8756 9968 9784 4959 520 1230
29 1797 7626 4537 8633 1271 5392 9871 7694 3519 1432 3740 7982 9124 9852 8365 1117 1045 1054 5089 5784 1303 9668 1497 4557 8325 9274 4324 2254 4054
29 8222 6662 7363 7692 2160 9167 4754 2365 771 5458 130 4683 8787 5050 3621 6497 8270 6927 8780 4413 7294 7693 8801 539 5840 1843 6205 7527 3904
29 8302 4293 8878 68 5383 8432 6227 2152 2163 1023 7817 4279 9636 8261 2240 4101 3599 7721 999 9453 6014 1885 8301 7226 7461 1349 5369 7614 4111
27 2902 4785 7597 1680 1360 3184 8952 3302 4056 6131 6503 9817 3734 5290 320 3271 1913 4108 3962 2770 5765 4691 9065 154 7399 5056 2923
28 3891 1822 5027 5535 9498 6909 5134 4614 8851 161 8836 4060 7943 1126 7165 2181 3232 8785 4363 5003 5338 798 6121 7628 1147 3617 8790 7289
28 4258 9891 5116 8458 9850 4797 204 6020 1135 5375 4223 1964 9382 9317 8048 7593 1324 9809 1405 4648 5143 241 5481 9734 2539 6498 7238 2227
26 4309 9222 2965 6837 5605 5741 5294 630 7528 7125 8748 4540 4249 952 8600 7137 4314 7360 744 5183 3215 1973 9221 9442 9220 8623
28 8816 9187 9991 4261 6980 6671 4874 2588 5625 85 6649 4501 5499 3343 9239 7195 9629 6248 801 5081 973 972 3648 7493 8490 4733 9863 6732
31 3029 6611 1428 3837 5087 3645 3553 8667 5837 6758 5954 4717 5998 4812 9395 8680 7519 6881 2192 912 5788 9647 5772 6178 590 5239 9080 1882 1984 2941 8914
31 5715 235 1639 6577 6956 1599 8287 4377 5529 9212 1392 2643 9672 8061 5113 6735 3901 3554 582 1581 6766 1234 5281 2124 9821 786 7326 5489 8912 2473 4092
29 1046 793 1109 1396 9514 7897 2055 1306 7394 292 3354 961 6030 5079 7665 9247 3913 6200 8823 1969 6642 5857 8056 1367 4700 9534 621 4576 3957
25 7425 3353 7937 6231 9792 3180 7752 7903 8856 5632 8230 8408 2298 8964 5162 309 2448 7884 8182 7586 5606 1307 3813 2878 3669
30 3452 8402 2368 9269 3960 9302 1079 5903 9887 2635 1717 9450 6474 1136 6825 2051 847 8928 5450 5012 8043 2709 1177 9094 1889 8479 8972 6115 8926 8290
29 9877 9311 2263 8140 3688 7060 3869 1468 9178 5073 6563 8406 9565 931 2158 7291 5916 8391 494 7250 1431 3362 2695 3474 8916 575 4971 7126 2968
29 8948 4974 6570 2198 3236 9324 8793 609 447 2557 2915 4402 5497 7985 4479 5182 6634 7875 9739 9002 4498 8826 4707 900 2577 536 6047 6942 6060
28 188 6976 6221 758 5783 3287 7513 4505 1529 3201 4678 6620 1059 5017 3217 8203 6682 8398 9845 2213 5037 4728 77 3885 1744 976 3697 5212
28 9018 3246 9950 8121 1490 6826 8698 1884 5644 3665 1254 5120 7769 7986 7138 3418 1911 9258 8034 2363 5693 9483 1224 7130 5157 6209 9783 2398
30 5867 2623 649 9769 7103 6773 8889 4272 7689 3751 3914 9606 8338 3884 697 4677 1395 1944 1419 9160 9223 8818 6771 6189 7755 7832 8349 2376 9198 1374
28 4145 9919 9393 1081 5332 2807 830 2910 9032 4512 9661 8999 6967 5564 7477 3380 8711 1870 9618 8304 1093 3801 4745 9599 9924 1474 9292 9499
29 6246 4935 2300 3705 7297 7213 9695 1475 2071 7097 8021 896 5759 3472 8001 1123 6306 3538 3229 904 8293 5933 9750 4851 8229 9802 1170 9344 3250
26 4647 9830 244 5872 913 4607 8073 1014 8449 2565 4456 519 4846 6479 4278 5796 367 4567 3917 5032 8559 3175 7283 4592 9253 9476
29 3242 4297 6573 3570 8854 4675 8507 4684 8434 76 8492 7188 615 4219 8266 9437 8693 6193 4817 5806 5367 8880 2302 5753 1970 7561 8119 2939 4263
28 8500 9595 3164 1859 558 4392 8341 7005 1816 354 6655 8000 9083 3829 3326 8886 7215 1536 5364 530 5891 9074 7767 8358 819 1793 4231 4712
26 9225 9435 2439 5468 3525 9366 5219 9086 3500 6889 8679 6661 956 346 1286 3129 4876 7971 3106 549 2710 4988 7272 2408 3257 7663
28 2953 8363 7750 6968 6785 6379 5475 3687 6764 2854 3471 2384 8282 2343 7806 5574 6364 3114 5357 6874 6107 7378 2082 7846 1358 5015 4354 538
32 8110 4414 2474 7918 2864 4605 5326 2517 4167 535 2713 8205 2575 1923 7740 332 9114 103 1684 4235 2425 696 3642 6084 693 6302 9436 3739 2718 3028 646 5303
28 1019 3609 7007 9071 7436 9438 1568 2649 4622 9088 75 2236 8714 9030 4150 8216 7341 7426 8348 9608 232 3871 178 5188 9099 4615 8517 945
28 5412 2096 827 4639 8130 1308 8166 8481 6990 5425 850 5820 4035 9139 1769 5394 5442 424 4345 3571 1321 7975 4387 1667 4758 7766 9896 7317
28 7359 3861 7917 2395 380 5382 6265 6400 631 7067 2934 1174 6876 9560 5200 5141 2137 7305 9684 8537 5202 9315 3666 4915 8441 9812 6399 8716
28 3412 3436 2824 6625 7267 4365 7479 9299 9693 7863 4749 5230 1787 190 1519 7987 349 2646 6468 7649 14 9291 8392 3589 1722 4086 5376 8659
28 4474 7364 5370 2656 1425 7656 2954 3785 1139 5789 1499 6748 5483 8967 6419 4274 1159 8109 8681 5707 9793 6457 433 1688 5001 1810 3388 3784
29 5171 9335 4944 5111 1611 6679 1525 579 3312 1298 6073 9357 2956 2077 411 413 3266 2809 8713 7959 4360 3307 4069 6902 1457 5757 531 9870 2574
27 6141 811 6325 7715 7343 5950 4142 4438 158 2428 2486 3403 5722 761 1309 8913 9909 7217 9844 2630 1394 3317 6082 6449 21 2859 5138
28 1397 9 6606 1034 9179 80 7498 180 5100 9859 9128 223 8195 150 3203 8641 9096 9689 9583 3676 7002 7281 6544 3931 6176 4368 353 1990
30 220 526 6048 5825 5506 3870 3656 9559 3375 8768 1329 4091 9363 9510 7705 3561 172 2685 9634 9264 9334 2465 3564 9829 926 3098 9527 6358 7947 741
28 1714 9965 6657 428 6425 7260 4303 6294 6440 4473 364 3476 2791 373 3702 4568 1855 1214 4001 5763 4977 1253 6218 2515 9865 1968 4211 7071
29 2546 5099 1386 1204 7175 5588 8014 559 6044 4300 8605 681 7912 4376 7753 4332 3304 3510 5745 5318 9946 7866 6458 6769 4816 6813 2386 7889 6111
30 7924 9053 6378 9284 8183 6112 2352 4751 3322 5160 9432 2769 3786 3959 5026 4452 7248 3189 2701 6016 648 6742 3459 400 9469 7162 2790 3093 7076 4329
28 1661 1996 442 9572 160 4236 2751 522 4336 6238 968 3433 7522 3136 7667 6247 5549 119 2598 6095 6592 4986 3124 4396 9770 1108 9876 8055
28 1402 1788 6907 6256 800 4907 9776 987 5749 8038 3462 4885 9754 7325 7385 6680 8281 8899 7269 4903 4380 118 2782 9897 5550 5024 2983 6759
29 4976 4383 2846 3169 9295 4886 8405 8784 9675 9040 9441 9570 3808 8467 2627 935 3970 1459 2553 28 1041 3083 9137 9552 6861 932 7926 5222 3717
26 6912 7117 7191 4433 5587 1558 7871 3024 61 3331 2136 9163 5672 2798 4841 3415 4212 990 3449 5969 5236 8005 9604 5187 9238 3473
31 1887 2717 66 6215 626 2802 4467 3429 4503 9262 9797 3578 2645 2133 6561 8976 576 7309 7706 126 1630 6908 9726 4149 4563 2653 6709 2476 2256 2892 1819
30 5651 4323 2850 8896 9723 6729 9960 2330 4386 7979 2858 5192 2573 5771 3420 7135 4333 9881 9279 2926 2683 3894 5146 6609 1916 8560 6587 9270 86 685
27 9642 6032 6123 8413 6687 2170 1594 8170 1818 5679 5662 7827 6307 856 8128 5680 8883 4587 2875 2321 6614 4178 8865 8278 3654 4666 3978
29 8584 8225 7662 9711 9589 5808 8876 5077 4803 3929 4217 8874 7482 6604 4195 3623 4938 8549 3365 9356 899 3540 981 1146 9975 4136 6508 1546 30
30 8720 5371 9488 8579 7882 91 3989 7433 5740 3539 8674 3594 8940 7451 1111 607 894 4486 5927 870 9217 5224 7128 5174 2580 3221 1295 279 7859 9839
28 9813 7643 5465 4752 7639 566 2590 6772 5305 2315 8028 8617 5826 2535 7070 629 7898 7190 2364 1755 5677 4205 3220 10 8897 939 3985 2800
31 8426 8103 138 1817 3491 2607 9826 8370 9304 7611 3099 2920 8503 3658 3461 6920 3050 3691 15 1653 7730 7993 642 2251 1638 2611 2659 508 4991 6694 7036
29 8763 7883 6957 6725 1179 482 94 5324 5880 8313 9755 5939 9864 6747 6569 7109 9816 6348 6991 4096 8706 8920 4080 452 2792 6643 5227 8848 2092
31 6510 5959 1641 446 9669 7401 4891 546 4504 1114 1517 5108 3902 9956 1049 4542 2085 5197 7603 3151 2945 1057 9959 735 6915 1383 6015 6969 774 3848 3087
28 6211 1154 1689 7312 780 5449 4541 1188 8321 7448 7714 6170 9226 2353 959 8019 4673 340 1412 9728 2558 4981 7549 7813 4015 6529 334 9349
29 5250 7708 5488 7372 8726 3693 8387 8444 9590 2143 1762 3950 2407 8701 4391 6962 4654 3692 2249 7604 6911 510 4255 802 2230 6219 1274 9196 4441
30 477 8622 8996 1648 4470 9594 6879 1556 4241 4130 6003 5776 29 8512 8016 1763 721 9686 9866 8628 5204 8732 9415 2741 1346 1319 5374 2266 329 1988
29 1877 6471 4577 6465 1435 2817 9981 9967 8356 3987 1675 3763 3811 4064 9003 593 2089 2030 4053 3836 2592 8987 5690 3163 9077 3063 3522 9613 5663
30 8982 689 3906 7851 8234 1051 7945 1640 6387 1011 9578 9680 2108 4175 4838 5970 1983 6540 875 4405 8201 2295 8723 4875 5983 485 7801 7338 3185 1273
28 2810 8798 2358 9194 4349 6493 3534 3610 4066 7316 1169 8324 4204 6104 4348 5362 6801 8743 3372 6018 5279 765 8478 3040 7077 9778 6332 9927
29 547 1250 7349 6126 4311 8352 8651 651 7208 1252 3850 4344 5006 7941 4948 7013 6698 6017 9364 2255 4394 5830 9757 5095 131 7098 6397 2919 8656
28 8526 954 148 3078 7336 4814 1786 271 7004 5671 9592 2377 8277 6869 7638 5539 385 7278 3478 7203 5892 1320 1110 9359 5165 1272 3392 9430
28 9849 9151 7277 9054 5147 8799 8215 796 8372 5817 2629 8929 6814 564 907 4920 1462 2154 6035 5579 7627 4450 8334 4995 4468 5584 1695 6524
29 8901 9300 2366 2232 5336 5689 1712 7021 1643 8091 7724 1925 1530 2525 5805 252 4424 4933 3206 1840 8528 9242 533 1800 9665 2572 3161 8864 5322
27 653 5578 8124 1492 5467 317 5828 5213 2831 4937 2560 6150 9399 7027 3547 3431 7273 3238 7652 583 2125 4730 3852 3780 3506 4999 9146
27 4572 6697 4393 7055 5241 5973 7618 9064 1945 9468 5249 5199 9549 4556 7948 4408 8822 8904 8086 2336 478 2834 1498 1232 8268 3409 2536
27 7069 1454 5259 4074 7320 7492 4882 7651 5572 964 1835 6783 2516 6828 7940 2981 8663 4435 6077 3135 1028 8844 7915 5851 8648 8847 3841
27 6784 6796 1613 3851 6439 9025 6096 1434 6855 6006 4713 4822 2276 7981 1758 949 4973 5144 9345 4657 9831 7375 2608 6101 1931 3159 5924
30 6555 7701 4398 7019 9660 2822 6492 6342 1539 9443 7728 2040 5193 6644 6535 237 1644 8291 7035 5136 2924 7703 19 3586 6339 3854 3077 3895 3041 9509
29 1058 8095 818 8204 3142 8596 4989 2381 1458 556 2347 9522 1946 1783 2487 8169 1949 4070 2675 5210 9362 9368 2134 9971 4561 5873 6674 263 3969
28 2025 9026 948 3004 3562 1247 5984 498 9530 4238 5521 2867 4358 3294 5542 5086 4500 6538 1350 3595 3847 3299 1829 7275 8158 9676 6558 5780
28 8100 4815 4881 5705 7833 4264 3277 5013 2482 3958 8251 7157 7232 8777 7668 3292 3627 5327 4554 4737 6158 6527 7573 3166 9908 9289 4378 8446
28 1442 9519 8910 5495 3505 1734 3630 7972 5881 305 8888 5974 2145 3146 6838 5419 6749 7933 4970 7025 8305 1663 2028 4692 960 4291 4477 707
27 6948 4564 4454 6806 4270 3395 1531 7934 2054 3568 5461 4034 6571 6599 5448 8101 4664 996 3846 4809 2412 7092 9936 6863 2490 2441 6064
30 9914 3089 5754 1691 9862 2823 2090 200 336 3773 4248 4044 7345 9537 7631 147 6870 5454 6788 8368 7347 2053 8686 4726 1259 8309 3214 7955 427 1008
27 9548 1413 4226 266 382 1874 718 7583 2700 5721 4711 2584 1576 7295 6283 5164 2422 4570 3755 3722 1580 1183 5119 6086 6576 297 6860
28 4341 3662 1478 9389 9581 7366 9721 1636 5965 4741 5585 5980 4627 3977 9542 804 5300 3908 4495 5793 1104 2694 7697 8344 6688 6951 984 9985
27 5827 5478 3911 4334 388 8649 1850 7654 7574 6636 9632 6913 1770 1737 6109 633 3118 1703 2233 1480 5935 9504 7911 2615 7052 4640 7073
28 6872 4866 3233 9111 9937 3503 8252 1113 8797 3074 497 1491 9257 5566 4682 5034 5782 8608 39 8357 8190 2460 3251 6075 3915 7274 4007 2829
30 5911 901 9095 5928 833 7709 4994 4185 189 8727 2746 917 7211 9580 8063 3577 5591 3743 3886 484 8520 1521 2462 4478 925 9771 3309 6895 2237 6034
27 6670 5531 8482 4221 4796 3855 4259 584 8724 1243 8557 1063 4415 9798 2631 4298 8384 2214 3255 7952 807 8294 7507 7684 6118 1804 679
27 8308 8859 6229 750 6106 4638 6230 4924 6482 69 4036 1422 5799 5432 3521 9651 4081 5158 7239 6491 5702 5019 5372 2268 2334 7958 4491
29 351 1575 6923 730 3879 2153 9413 5190 702 4143 4942 3833 5751 4589 7159 9758 5391 1836 8510 8639 8902 599 1304 1131 1167 5735 7236 727 1738
26 4453 5627 5057 9654 9136 5997 9724 8286 9979 9133 8522 5534 3689 532 2015 9556 6711 7113 3191 1403 8491 7043 7829 1506 9707 9456
29 5629 5058 7735 6252 2980 7816 4558 4961 2191 407 2354 0 2696 4411 4121 2686 7376 605 3646 3822 8217 4842 7122 4351 2760 4310 3616 5504 1528
27 6506 3157 9282 25 6509 1488 563 359 7478 7550 6953 6288 5802 1107 2705 9464 7556 5063 3086 6537 246 7797 1083 4609 6326 5320 4645
29 1756 4442 8178 4507 7251 2033 6154 3587 149 9416 4917 6383 2781 2851 2168 2356 1264 1904 7776 8824 3657 749 136 4658 8070 7786 6929 5853 3282
28 5359 9729 9858 7751 5966 4671 474 1035 3051 2073 9930 6333 7398 432 8197 7048 6607 3757 9132 4004 5744 2435 7596 4040 2385 1158 3588 3125
28 7362 9219 6673 4137 98 3334 3066 4962 6802 2528 8317 9159 8090 2279 4864 723 5408 7163 1055 8516 2451 6854 9648 7008 5589 5818 5430 8484
27 2874 1917 1341 5485 2543 9905 7968 657 1591 1520 1628 8540 8597 4584 5435 8652 166 7104 4848 7837 3308 5445 2471 4425 107 3111 303
28 4123 1841 9847 5139 260 3696 416 6312 1824 6567 5728 2844 7467 3085 8494 8830 2301 9036 2157 6993 4511 8104 858 6162 6744 5094 8131 5656
29 6159 3600 617 7485 8591 8825 3718 5770 9625 1590 7350 5708 9421 663 6043 9134 6724 7284 5083 6627 5406 5856 1269 5384 6185 5624 9119 3872 7857
28 7064 4820 7820 7815 7047 711 1727 3897 2757 2841 4031 817 1197 8118 2419 6116 4250 9346 2964 6442 4582 9746 4294 8839 7057 6404 7932 1935
29 9381 8409 7327 7923 3424 2074 6057 2540 5908 8067 6330 312 3518 1314 9107 8303 2898 7114 7716 6738 2045 1118 2722 3408 3100 70 5947 2114 7228
29 743 5045 6340 7895 2579 9297 1339 9195 8322 6928 6840 4369 9789 3036 1297 6375 7158 6520 2812 1276 871 1796 777 5547 481 2409 4853 9976 2559
30 315 6542 5803 4762 9926 7182 1268 1238 26 6315 2016 8885 3413 9321 5490 3038 9172 8843 8882 9874 7259 88 8208 6882 1710 545 2606 8397 9485 4362
29 6556 883 9837 2847 8722 3363 9536 6652 1514 3818 3923 3346 2257 7847 6489 3176 3536 5065 9422 1658 206 6739 2095 2733 8454 6487 2173 8367 9316
28 9796 1579 5500 2895 1292 4166 2289 905 9637 7318 4179 9231 6730 4218 7416 5540 4252 7473 2002 4116 3703 3834 3807 403 3379 5509 1933 4162
26 92 9482 4340 7779 7605 57 3919 9201 3367 9521 3260 9380 496 4899 3992 1029 2857 1668 8954 8564 9609 8164 6105 5132 6780 1929
28 569 3723 3509 7374 1901 2212 2069 153 6713 8284 9886 1388 3591 3580 4237 4740 5044 7262 5558 8604 1242 3514 2913 782 5473 7088 467 8943
30 1357 6460 8558 5936 9250 2765 6432 4660 9162 3440 5344 9516 3698 7106 7068 1120 3700 3742 4738 7823 1047 283 6188 7054 8988 9412 5076 5546 2001 7181
30 3178 7094 4695 7885 9006 5865 3200 6782 2885 893 7719 4870 6160 1578 3323 4983 1883 7506 3137 4779 1868 120 2748 6038 2345 3975 1423 212 3426 6656
30 5054 8440 7676 3400 3018 7675 6000 45 2431 2039 5982 5242 2855 2390 7121 8253 6179 9952 4783 9369 8881 6222 1709 7824 5252 1323 339 6579 109 4228
30 7854 243 7910 6098 1354 4214 1956 586 2211 9840 7514 7592 3268 6216 3601 1912 3635 7939 4880 5098 9011 9271 9602 4234 1895 4127 6124 5922 2076 6241
28 2135 4859 5463 8474 8152 4240 157 2660 5071 1275 4531 1151 8636 8412 6139 7725 9069 9427 3356 5642 9057 4028 6376 8538 6129 9987 635 1399
28 5198 4094 3347 7830 187 4643 7796 2209 776 4583 164 8202 983 6496 740 571 8487 6072 6336 8611 3330 2010 8375 71 1627 2322 5474 3888
28 5533 8542 2599 4305 2087 2401 3120 6610 544 4335 7864 114 853 1654 4183 6345 3563 6192 1469 7658 4872 7280 4475 8171 7306 4813 394 6233
30 8642 4520 1700 8947 6279 8180 294 162 3979 40 5929 2132 7161 2783 4041 8956 227 4895 3532 2899 6523 7497 1337 1281 1723 1867 2131 5246 8011 3058
25 9333 7674 395 768 8834 6174 3005 3008 5774 879 8393 8083 5207 5075 6827 7134 2339 6665 6356 9825 8414 6386 8093 1255 7501
27 2337 6765 9467 3535 3758 8386 4760 6935 1652 450 5061 9558 2017 6264 7 1907 2594 9319 891 6452 1115 2206 7452 8508 7541 4900 7803
27 3624 5072 2449 3544 1604 5882 2454 502 8037 2252 1278 5596 4404 7538 678 8966 9439 8022 2247 1300 7630 6532 3006 8401 6357 6372 5544
29 3671 4222 4860 4529 6208 5503 8041 9417 169 7017 708 6630 9966 6182 5968 529 7339 1366 1681 4347 1270 9000 4325 5274 9348 6451 8989 4993 7265
30 9551 5618 7319 2996 7382 4508 3470 6515 4998 6852 7997 7503 2446 8699 7381 4834 5150 414 1207 5962 4668 1077 8533 3661 6337 1682 9127 6321 8655 6562
29 466 577 3815 4662 1749 4147 1849 7000 4051 3399 9447 3076 1914 3297 3177 9698 9737 6767 6041 2359 1939 4918 203 950 1997 7415 8292 3419 3622
29 3909 9643 1533 8803 6663 2115 8468 9538 1326 9787 542 9890 1809 3699 5263 1974 3593 2951 4038 6753 3174 9337 1966 3047 2888 234 5235 2744 1757
28 9309 7678 6108 4017 2396 5594 1237 8120 6893 7346 7744 3306 6564 5551 1571 3896 2912 4892 1936 2445 8892 8695 8767 6972 38 8893 7700 9216
28 9715 8462 2992 465 2245 9131 668 3186 1587 9953 16 1099 5289 4492 3455 9761 9835 8958 9001 7033 3603 4014 2317 867 8515 2392 6602 2804
26 2309 3873 7994 4777 5613 6699 9749 5090 8254 6938 2985 6059 5910 8050 5066 6612 2121 7286 7174 11 2900 2041 2647 9846 3803 1839
29 2776 6526 8804 4407 8872 337 1805 5843 5688 1750 6343 2650 6965 3091 9997 4370 2669 7996 8025 1089 4672 6286 4289 143 5543 4024 9500 7868 4460
30 1845 5678 9331 9078 83 5380 2496 5608 1512 8173 9591 7155 4176 4233 521 6992 3481 3355 3796 6127 8470 8460 8436 4203 2853 4562 3664 1858 8760 8863
28 4182 9550 3769 1376 338 6964 989 8276 9169 2876 752 8602 129 9901 5769 6163 7765 4485 7431 1673 3015 1288 8403 435 7841 9799 3401 9481
27 6600 1702 9670 2668 405 9082 3025 781 2036 2955 8049 680 4181 4186 5622 1725 2380 5957 9709 1915 6427 44 368 7365 6483 8388 7858
31 5386 3922 570 9440 1191 4161 5652 9747 2241 1674 8057 8431 2078 5040 225 2443 2403 2827 3081 9681 7535 2180 8869 1193 6586 7578 6762 5792 5407 6282 7472
26 6433 167 7976 1436 732 4670 2842 9329 479 659 919 3674 4153 1679 2879 8427 2519 1068 1561 6061 4551 2079 1607 8187 8094 2548
29 9708 5902 6858 2391 2734 2086 6800 2430 6130 2537 1086 1074 7756 5601 4328 5039 9164 7789 8650 7641 438 7840 6476 4525 137 5011 5223 4826 6776
30 5436 1961 3070 6157 3775 6950 5762 4444 8400 9903 7698 322 953 307 6412 7531 1761 6391 3965 254 8796 8422 5683 6736 705 4364 1017 2639 2763 658
28 207 4943 8143 8469 3316 9104 6027 3386 8936 8555 1862 1190 3327 4366 5675 4451 1659 2911 2052 8812 8245 562 6585 3499 8986 677 1235 1545
29 1003 5604 8551 4119 1030 5595 1128 2947 81 3626 4771 6235 6804 8635 6331 2405 9091 3495 7814 8163 391 7156 4087 3804 1548 1791 7124 9986 5025
31 3060 7607 6768 5876 3000 6284 7081 3494 34 601 6167 6187 4963 4788 1828 6653 2066 7185 5273 1603 8066 5994 365 1524 6226 8239 2242 2447 3558 6851 3938
29 4908 2195 9762 5205 7192 8373 5653 9888 9173 2974 2833 6582 5824 3651 5194 1880 5993 8108 7896 3675 6914 6033 6328 3010 1998 3736 2369 7880 5169
27 5178 6866 4732 1143 3482 4356 1930 2434 1965 5779 6943 3357 3295 2988 6477 7147 4299 2058 4419 7107 4565 4911 1106 829 2427 22 3202
29 9704 6507 7080 4375 7437 3882 3681 5214 2413 7809 770 619 8300 6083 9557 2555 8347 644 6777 5268 971 1951 2739 9449 9932 8867 6939 8345 4847
30 8752 211 6019 8275 8032 49 3772 4078 1776 1156 6220 3682 3735 5109 1148 3940 3652 4381 8811 3918 4350 8382 2262 2341 5286 5809 6166 7772 3759 3683
30 6756 8456 7271 6865 175 9168 6648 2000 1437 2989 5610 6970 7679 772 9384 5905 7988 4256 3644 5051 5137 509 343 6726 4575 7252 1766 9541 5767 5836
27 8809 2600 835 7613 9360 8318 5492 656 7615 6142 6092 6853 8974 3273 6184 1881 2811 7525 5229 2865 611 4033 9234 6420 2282 9396 1322
27 6066 4776 9155 7006 6539 8792 943 8289 6251 5070 540 8689 813 9033 824 9480 6596 9773 1934 695 8319 2464 8646 1097 2730 6389 769
28 1479 5426 7032 4107 1293 1767 9638 1706 2784 9354 6651 7276 9836 5226 401 6884 6133 6594 1780 9712 3820 4389 1315 995 6120 1440 1569 3162
28 5896 1103 5084 3288 1125 7980 9347 5078 7508 35 5349 8607 8263 9621 2752 480 788 4331 2429 6172 6999 9902 7990 5681 5502 4790 9491 8747
29 4037 598 3821 8955 110 3296 3049 3243 1515 7540 2509 1692 3134 4242 9084 1260 6549 8619 8421 1496 1351 6450 6088 506 9254 5154 8960 2083 3301
29 8791 9633 6271 8394 994 3298 5727 5917 9645 8703 2042 729 7335 1952 652 6319 4818 7936 5446 132 4276 7686 5761 4528 2113 2547 6100 4987 5413
29 43 282 1585 9764 1846 6347 2228 9206 417 2998 112 3542 4804 8990 8771 6512 6287 2404 9702 6403 6454 3713 8326 4861 8746 8351 6069 2637 1790
28 4806 9108 6488 8765 6891 7542 9434 1335 8496 2246 8312 393 9907 7089 7288 9121 8550 4898 3552 1467 1789 7791 4975 6318 4184 5976 4257 8107
29 6290 6552 7964 9664 2202 9610 6001 9176 6359 9075 4239 1507 7141 8098 2466 9263 4165 9518 3814 3520 938 3475 6704 3486 7877 425 6984 3141 6455
29 4932 6198 9818 687 8504 5438 3012 8669 6897 3105 4510 4807 8766 3953 6380 1001 2172 3865 8924 1526 3211 4835 8905 8199 8819 5752 8692 6417 6368
29 650 2417 3750 3154 3581 3551 3090 4200 46 3310 1560 682 3935 1185 9370 4617 7171 3069 5686 2406 8147 236 7315 6065 8647 7446 1443 4856 6605
29 7072 1098 8933 4318 5415 5674 2869 2009 1960 6464 588 273 2550 7745 443 4448 7992 176 8112 3876 5684 7212 6501 2510 4571 7831 3001 3248 1664
29 238 295 152 8546 7894 9276 1196 9355 921 8045 9683 9719 2929 3513 8466 6421 9303 3131 4406 1671 8754 217 8759 6137 5821 7722 48 6434 1379
28 3782 1718 9251 7963 7530 9503 7303 398 5 3694 328 1429 9925 2048 1669 7625 4827 9696 8670 5833 1384 8975 8673 9687 7919 125 5580 8355
27 8532 565 1826 3210 7439 4794 5934 3714 9009 6960 9241 8828 6608 8256 1448 4636 706 2852 731 7635 3428 3213 8944 2123 9350 7029 7142
29 5262 4355 8735 2993 9662 5995 2332 2987 410 5673 3924 5912 9406 9050 4858 6360 3585 3088 437 4748 2178 3537 9949 6530 4372 7802 374 124 6136
29 5411 4782 6415 4343 4269 9753 5720 9170 1447 108 7969 831 4194 9156 2948 2197 6353 753 62 8314 1903 6550 3477 8285 9733 3434 3311 6581 7189
28 8980 6438 739 9374 87 3361 7402 8297 5670 1410 7150 6979 6626 7862 99 9544 8737 9626 2344 5525 3484 742 4559 1069 2585 9426 5926 6329
29 608 6781 660 1938 256 8691 1570 1919 5862 4890 5145 7901 2244 8894 3262 6786 8283 2906 4374 7773 866 7546 955 116 2961 4168 9177 5602 567
29 555 5304 5354 3263 2098 1364 7905 3625 9646 2275 6885 1137 6040 8262 1900 6624 6616 787 3936 8945 1076 4770 8978 1411 4750 8645 8661 7808 4901
29 7322 9601 7223 4980 9727 9493 2849 8227 9942 9138 7354 869 3097 7707 1532 3998 6601 7242 5726 5088 7961 8719 3133 7090 5593 8585 6028 6745 348
30 420 3160 2922 4634 9248 7222 1365 934 5559 5794 7384 1100 612 7523 1124 2004 7184 9569 7412 2714 2624 8133 5457 4317 5043 8359 6917 7264 5343 4483
30 7046 1853 666 2771 9735 8332 2112 9351 3673 7585 5102 9019 3026 2775 9340 1848 9814 985 1211 9759 2530 6746 524 9007 2731 4593 1200 9463 6201 3944
28 1415 4487 6305 2147 5645 2370 6291 7819 7795 257 327 1071 9268 3013 7579 5258 5607 8702 3566 1471 4457 7169 9305 7577 2109 3314 5036 5353
30 5285 4611 2265 816 3951 548 7670 4481 6416 3044 5317 9873 230 240 333 6049 7241 2806 3817 9306 2626 4462 6940 9917 3223 8662 1486 6541 6850 3725
28 6409 3249 9988 1660 3839 9682 8794 843 8174 6543 2459 3369 8260 5472 4139 1677 3706 3158 2218 4985 1559 6148 5484 9244 7465 3270 9725 4539
27 6751 551 9475 8085 5750 2795 3258 377 6012 6250 2904 9955 6572 2767 462 4573 7536 4702 8274 7978 7224 7844 1623 6842 6693 3374 9281
28 8900 5496 9954 3810 7379 8690 1736 7314 848 9699 8529 5668 4006 8009 9502 357 4543 1020 9338 4811 8992 2094 7848 5177 7210 7920 9585 628
29 6080 7591 8030 6678 5470 2502 8740 4696 4802 2657 7590 7214 8179 5971 7438 4655 1985 986 8998 7296 4863 9780 1748 3949 2735 1401 3523 5800 3212
29 8682 699 737 7234 552 2712 1807 5692 1563 4322 9697 7704 8524 2690 9278 4629 8488 7736 4532 9451 9944 5791 775 4923 2612 9517 4823 472 3037
30 1978 493 4753 8246 2949 3765 7582 3668 8015 5271 1042 625 201 8687 8751 56 4949 9066 3695 1233 6010 2155 9641 9372 5243 4868 5989 4379 5431 1451
32 5568 8418 5053 6899 4155 8102 1729 9974 439 192 9039 3835 9073 7727 6461 5520 3188 9913 3020 724 296 4693 2721 7826 1503 2063 37 1557 5501 3446 7270 5142
30 2524 3592 9992 1061 1549 8129 6146 3364 7200 1842 3598 7337 4499 5215 6351 9752 8853 8486 1760 7588 2732 6206 1759 2884 877 8764 9931 8082 8539 1932
27 2742 42 9318 6478 9454 7395 5649 7011 2331 144 33 5330 3524 1920 3744 2361 9112 3082 5397 3881 9473 196 8455 6299 8306 8144 3195
29 9582 7056 2766 7440 8447 978 4612 313 2787 3831 643 8438 2873 7742 2977 4076 9287 3402 1481 2682 8581 4496 8154 7110 8198 886 4361 8361 9657
27 3034 7835 8269 512 8805 6898 2018 290 2080 2971 8149 962 7887 3515 4688 9851 918 1345 9402 8594 5522 5766 2306 3019 9087 6628 4743
27 6008 6603 7417 839 8590 5179 249 6011 6062 9472 7673 6925 5691 4152 1037 8761 386 5844 8696 6462 6202 4547 3527 7799 5358 1004 3227
30 6277 736 4172 6916 8868 8026 9118 3756 7787 74 6365 6323 7255 9092 7839 4157 5863 5991 6846 2130 6955 3889 2689 4871 861 6775 7515 3732 6456 838
28 7790 3448 5798 4049 9790 2210 1754 8776 5156 3021 686 2618 9129 2221 3286 1310 5918 6242 9098 2416 4854 1943 4687 5152 8210 3056 5958 8603
30 121 7245 8595 6613 1730 6757 3636 9029 1994 639 8381 8463 8506 1971 8417 3407 783 4722 6868 4778 2602 6859 6743 5538 3504 8258 2788 4191 2107 3941
27 797 9545 2410 6405 3983 9243 3276 9951 5093 3406 6175 7406 3620 5829 1466 7738 6517 1248 2909 5312 5337 5638 463 7977 5424 9330 113
29 6646 5482 5777 3611 6267 4338 4852 5334 8789 8472 5047 4946 1085 3738 306 9781 9999 1815 1612 5879 289 4947 1334 210 8922 1202 179 8020 331
28 8962 6435 1101 8918 9920 3110 1538 6316 7434 844 9479 4 4765 6945 8665 8167 5115 9474 4002 7685 795 7220 3321 9153 1487 5570 363 8832
29 67 9736 2442 5648 3247 5527 7623 2931 2223 492 4095 5810 3762 2149 9515 3632 1332 2552 5756 293 1615 3731 6839 6007 2493 1199 1617 4905 7733
30 5346 4904 7148 9246 1831 3704 3252 3023 128 7444 5129 4253 1892 4731 6362 7534 1928 1361 7432 2628 2468 4011 3225 5716 3947 209 3342 3961 470 902
27 8653 6152 173 9035 8640 3569 6906 9640 9947 4109 2127 7342 9460 4793 9047 4637 8176 7807 515 4188 2889 2346 7480 4810 9390 980 557
31 8096 1352 604 6377 4447 5049 669 3615 9492 616 5153 9072 3672 3205 5333 4519 1605 8065 8561 2571 1033 2511 2828 8259 8150 9048 4526 9596 7414 8668 2093
28 9940 9141 9543 7659 8835 5931 9361 733 6904 2715 6366 595 1592 4429 4524 9511 3239 3067 1044 5385 4359 8774 3528 228 383 9649 5885 5858
27 3928 3042 3883 6110 8908 476 8265 3224 3864 3140 6363 574 1133 1080 6361 606 2897 5654 5883 3261 8742 2326 1741 9055 7396 3779 222
28 2022 3425 4616 7179 7737 7760 5052 5713 8601 3492 9352 8077 362 4225 7386 7118 2595 6500 6485 6370 6134 2642 5123 2872 8181 1331 6009 4857
30 1223 820 9452 862 2772 79 4122 1153 5345 6787 5325 9785 6418 9832 1087 5308 2959 2527 4965 6285 2759 3584 4836 7655 9209 2338 1246 4912 95 3605
28 6490 5634 9058 3579 434 6402 6947 8004 115 3781 1860 4436 7442 2270 6156 1601 4739 2308 8935 454 2277 8535 3517 1642 8938 4135 9690 5556
30 1595 4079 381 7855 8299 2019 5878 6183 6905 969 5247 3350 9191 2927 6922 9046 2633 1967 9100 9889 1844 9147 8448 9730 4679 8247 7409 5444 8155 3168
29 9229 5266 7609 7151 7390 9409 4515 3741 1186 7301 1244 6395 3480 7509 8625 3832 3747 4534 3828 9671 4651 3770 7483 1957 6486 8433 449 4277 2688
27 3946 4602 7891 90 4686 7393 5417 1456 2020 6706 2379 1745 5092 2862 6444 5429 384 8736 8437 9973 9497 65 3952 4613 8200 1184 6122
28 4663 8786 8937 2942 1833 4057 8335 9894 6954 7443 6986 265 5148 82 253 1834 5228 9915 8621 8451 7594 3771 6878 7197 2724 4698 9041 1168
27 7650 1577 2106 5815 9998 6280 3231 7778 459 2148 1600 6666 4196 3613 6590 199 9713 6153 5211 2299 4401 6848 5730 7731 6930 3207 1452
27 2523 4669 8744 1802 7487 7805 2169 3405 9834 9663 6199 9806 8390 6528 3711 7037 6063 4110 3774 7565 6298 9630 9575 8800 7078 6818 5267
28 2394 8172 7633 5955 7999 9791 5592 4978 8586 7178 4734 1369 6349 1953 3389 9199 9978 3072 6262 3439 9838 8331 3165 6029 1382 9017 6094 2651
31 3153 7849 7995 6257 1330 1060 3797 9336 7496 2222 7186 4703 8949 8775 7164 9911 4484 9741 4296 2480 6593 8676 3976 6087 4879 9158 4799 4339 31 6883 4395
28 9597 1134 1764 20 9149 8196 9008 7042 9323 4546 4833 2603 3479 1726 4523 2856 4206 1218 7352 8589 881 7187 8211 4063 7464 2274 2374 7024
29 7938 7490 1504 6039 5703 219 9584 1027 1739 1212 6303 3456 9706 4140 7873 9933 36 591 7454 1518 1894 880 6511 703 3490 6873 3955 1144 722
29 356 6430 3123 9325 8383 2375 1731 7537 9868 2667 5231 4878 9310 5553 5494 6177 2609 9623 4787 5687 8634 7051 6518 8616 3222 3996 2367 8814 5288
29 8534 5254 3256 4118 1129 4701 7023 2562 3333 5059 6551 7146 8704 5104 6113 7282 7263 7757 2944 1732 4755 5548 3956 717 9407 4416 2943 6548 3483
30 9898 1666 6261 3075 5987 3394 5030 7821 102 1311 4960 1053 3788 3607 2887 1992 9252 9148 6763 4544 982 7413 5706 8238 5760 6521 186 4619 2220 4950
32 4632 7782 6669 957 194 618 8927 5402 2777 4469 903 8677 7290 9804 4966 2314 3119 9208 9980 4286 4117 1586 3943 5697 1368 2952 7266 2225 1091 9425 3974 6875
27 2453 3709 3511 8977 1705 8459 8934 7620 2662 6595 3867 6240 6798 1554 8688 4227 8593 4982 2745 865 5901 1555 7562 2740 54 2917 402
26 9327 2234 2883 3860 2335 4067 3373 4089 8566 9774 637 3812 7367 5464 3104 6615 3208 6320 1740 9314 5319 8213 9339 7201 4517 3305
29 4307 5014 3152 8191 3721 7984 1160 1924 5462 429 6117 5746 5921 7543 7558 3324 6293 9259 3805 1825 9782 4198 3079 1672 4685 4266 4230 1864 4893
29 5854 6812 1261 1752 6770 7143 7015 928 3404 6560 550 5062 8465 7476 426 2666 4156 7145 4747 2458 4022 5811 5443 2128 2267 1516 4059 6740 1954
28 8845 8450 3384 5298 7361 5952 910 5437 5237 5260 275 3858 5660 1024 5400 7102 8416 5517 7900 7974 884 3359 4708 3596 5395 9023 1438 2340
29 4173 2863 3387 47 596 5398 7235 3422 9101 6635 441 3932 7688 3115 7657 3556 1872 8697 7206 6707 734 1444 2727 302 2728 5814 5302 7371 8088
28 692 1408 1977 5403 4689 3453 991 1508 834 3618 6499 3838 9566 4449 7572 375 2960 6495 1381 1773 1975 9260 216 2285 4626 6553 8385 9110
28 791 3766 9411 6534 2583 6074 9070 6169 7661 6934 9224 2940 2837 3345 2065 5278 3795 8483 1821 1986 430 8092 8353 9240 9294 2861 6253 2171
28 3300 3516 8336 4968 483 5871 3899 8959 8541 4506 992 7770 6545 55 1161 4624 8773 5899 3414 8188 4832 3602 3559 7690 2259 2475 634 7587
28 3234 3216 1249 8329 8243 5149 202 1021 2604 1241 4896 4046 6445 7111 8907 6830 4268 7860 4795 4840 142 7747 1245 6621 1371 2541 4725 4373
28 610 389 3590 3055 96 3991 1485 5781 7257 1171 892 4247 1597 2049 6519 9535 3437 6966 645 1094 5175 2372 1378 5265 5887 8316 6820 4330
29 9673 3155 4466 1572 3597 4058 3170 6637 7567 141 6436 6721 423 9586 4910 9768 1016 4192 3793 6918 6716 5401 6944 2684 4958 8519 7387 1782 2761
32 6774 1566 1574 2563 5795 2542 7086 6414 9714 714 3921 23 6668 958 4493 5996 9125 404 6936 9765 2494 5733 4586 1993 6079 944 6085 4642 3631 4244 8915 6355
29 974 8078 8684 8288 5944 5575 1018 2813 2011 1540 6987 6022 8710 2749 9342 9115 594 2901 857 8378 2483 2235 3567 2644 2654 9313 4399 1649 6297
29 3655 5832 3187 2414 9872 287 882 2786 8870 2492 3903 1372 9875 1420 9948 4721 3332 647 3733 2024 7298 7881 6805 7512 2229 2738 2877 1987 5946
28 5361 2758 1753 3259 1477 7560 2773 3890 1698 7949 6467 7084 4596 9145 1220 5569 5105 4979 6977 2176 3441 2081 1657 7085 8493 7474 5480 387
27 4013 4115 7648 7836 7172 8762 7781 2388 673 3209 2291 276 3030 2190 779 9563 1239 7302 6481 7843 448 8257 6824 1043 5841 9093 6408
29 9462 9861 6819 3827 1006 1453 2520 8219 8919 3574 6568 860 7167 8523 9255 6274 8575 9957 3269 6554 4047 7599 3945 2616 4641 1176 366 9576 1119
30 756 8044 8148 3275 1812 6701 2538 7108 6155 6959 318 2102 7227 4951 5460 8857 8884 9322 1588 4148 2420 7435 940 7170 8827 5758 9904 6793 9256 4709
28 8707 8232 3117 1909 600 5245 6589 4996 8890 3643 9042 6081 9067 9553 3764 7608 2126 3329 5270 6963 7357 3964 5007 4704 7003 7908 4357 7258
29 8879 701 4608 8464 1007 8323 4716 342 4897 3194 4431 2640 9175 3313 541 9564 6867 5586 2100 8018 4465 6733 9885 6675 1157 2908 842 274 4925
29 6210 1813 6845 5742 1942 2747 9471 1562 9265 1465 3994 6961 9470 8231 5563 6714 4306 4953 767 7391 908 4913 185 8123 6632 3619 1827 6023 2271
28 3790 1711 9513 8193 1038 6214 5889 7173 5121 4164 4428 4718 9015 3707 4877 3132 8753 9021 2415 7231 2825 5283 3274 1650 5859 8244 2531 7377
