100
c1998039 0
c1198952 1
c257844 2
c680029 3
c40948 4
c381943 5
c1654057 6
c1993010 7
c883610 8
c1925924 9
c1380106 10
c1882480 11
c1508204 12
c1931361 13
c133342 14
c1317195 15
c1997556 16
c964449 17
c127870 18
c1551465 19
c35254 20
c237481 21
c1976157 22
c1475669 23
c965319 24
c1944485 25
c466183 26
c1008345 27
c1019967 28
c1912769 29
c122130 30
c201324 31
c132053 32
c203324 33
c134074 34
c1560684 35
c666152 36
c1560817 37
c1370623 38
c1331960 39
c364516 40
c367766 41
c1236573 42
c1866436 43
c46314 44
c254036 45
c1717082 46
c749840 47
c1759188 48
c1349484 49
c1778095 50
c835386 51
c39082 52
c1979185 53
c1487781 54
c1640374 55
c937958 56
c1943093 57
c1125079 58
c1352467 59
c31998 60
c783512 61
c248873 62
c236093 63
c1665145 64
c1317301 65
c837788 66
c227726 67
c840222 68
c1322855 69
c358518 70
c139838 71
c791536 72
c1026689 73
c1296505 74
c1169314 75
c1322288 76
c480836 77
c972401 78
c1238628 79
c273438 80
c1442559 81
c1852460 82
c152786 83
c1018261 84
c778888 85
c223940 86
c1362811 87
c770010 88
c1486883 89
c152039 90
c353168 91
c1188482 92
c11839 93
c152315 94
c1576217 95
c1847134 96
c250104 97
c1245983 98
c669043 99
